CRITICAL - 2023-11-04 11:28:16 --> Invalid file: "crudtemplate.php"
in SYSTEMPATH\Exceptions\FrameworkException.php on line 39.
 1 SYSTEMPATH\View\View.php(216): CodeIgniter\Exceptions\FrameworkException::forInvalidFile('crudtemplate.php')
 2 SYSTEMPATH\Common.php(1190): CodeIgniter\View\View->render('crudtemplate', [], true)
 3 APPPATH\Controllers\CrudController.php(11): view('crudtemplate')
 4 SYSTEMPATH\CodeIgniter.php(942): App\Controllers\CrudController->index()
 5 SYSTEMPATH\CodeIgniter.php(502): CodeIgniter\CodeIgniter->runController(Object(App\Controllers\CrudController))
 6 SYSTEMPATH\CodeIgniter.php(361): CodeIgniter\CodeIgniter->handleRequest(null, Object(Config\Cache), false)
 7 FCPATH\index.php(79): CodeIgniter\CodeIgniter->run()
CRITICAL - 2023-11-04 11:28:36 --> Invalid file: "crudtemplate.php"
in SYSTEMPATH\Exceptions\FrameworkException.php on line 39.
 1 SYSTEMPATH\View\View.php(216): CodeIgniter\Exceptions\FrameworkException::forInvalidFile('crudtemplate.php')
 2 SYSTEMPATH\Common.php(1190): CodeIgniter\View\View->render('crudtemplate', [], true)
 3 APPPATH\Controllers\CrudController.php(11): view('crudtemplate')
 4 SYSTEMPATH\CodeIgniter.php(942): App\Controllers\CrudController->index()
 5 SYSTEMPATH\CodeIgniter.php(502): CodeIgniter\CodeIgniter->runController(Object(App\Controllers\CrudController))
 6 SYSTEMPATH\CodeIgniter.php(361): CodeIgniter\CodeIgniter->handleRequest(null, Object(Config\Cache), false)
 7 FCPATH\index.php(79): CodeIgniter\CodeIgniter->run()
CRITICAL - 2023-11-04 11:28:36 --> Invalid file: "crudtemplate.php"
in SYSTEMPATH\Exceptions\FrameworkException.php on line 39.
 1 SYSTEMPATH\View\View.php(216): CodeIgniter\Exceptions\FrameworkException::forInvalidFile('crudtemplate.php')
 2 SYSTEMPATH\Common.php(1190): CodeIgniter\View\View->render('crudtemplate', [], true)
 3 APPPATH\Controllers\CrudController.php(11): view('crudtemplate')
 4 SYSTEMPATH\CodeIgniter.php(942): App\Controllers\CrudController->index()
 5 SYSTEMPATH\CodeIgniter.php(502): CodeIgniter\CodeIgniter->runController(Object(App\Controllers\CrudController))
 6 SYSTEMPATH\CodeIgniter.php(361): CodeIgniter\CodeIgniter->handleRequest(null, Object(Config\Cache), false)
 7 FCPATH\index.php(79): CodeIgniter\CodeIgniter->run()
CRITICAL - 2023-11-04 11:28:37 --> Invalid file: "crudtemplate.php"
in SYSTEMPATH\Exceptions\FrameworkException.php on line 39.
 1 SYSTEMPATH\View\View.php(216): CodeIgniter\Exceptions\FrameworkException::forInvalidFile('crudtemplate.php')
 2 SYSTEMPATH\Common.php(1190): CodeIgniter\View\View->render('crudtemplate', [], true)
 3 APPPATH\Controllers\CrudController.php(11): view('crudtemplate')
 4 SYSTEMPATH\CodeIgniter.php(942): App\Controllers\CrudController->index()
 5 SYSTEMPATH\CodeIgniter.php(502): CodeIgniter\CodeIgniter->runController(Object(App\Controllers\CrudController))
 6 SYSTEMPATH\CodeIgniter.php(361): CodeIgniter\CodeIgniter->handleRequest(null, Object(Config\Cache), false)
 7 FCPATH\index.php(79): CodeIgniter\CodeIgniter->run()
CRITICAL - 2023-11-04 11:28:37 --> Invalid file: "crudtemplate.php"
in SYSTEMPATH\Exceptions\FrameworkException.php on line 39.
 1 SYSTEMPATH\View\View.php(216): CodeIgniter\Exceptions\FrameworkException::forInvalidFile('crudtemplate.php')
 2 SYSTEMPATH\Common.php(1190): CodeIgniter\View\View->render('crudtemplate', [], true)
 3 APPPATH\Controllers\CrudController.php(11): view('crudtemplate')
 4 SYSTEMPATH\CodeIgniter.php(942): App\Controllers\CrudController->index()
 5 SYSTEMPATH\CodeIgniter.php(502): CodeIgniter\CodeIgniter->runController(Object(App\Controllers\CrudController))
 6 SYSTEMPATH\CodeIgniter.php(361): CodeIgniter\CodeIgniter->handleRequest(null, Object(Config\Cache), false)
 7 FCPATH\index.php(79): CodeIgniter\CodeIgniter->run()
CRITICAL - 2023-11-04 11:29:04 --> Invalid file: "crudtemplate.php"
in SYSTEMPATH\Exceptions\FrameworkException.php on line 39.
 1 SYSTEMPATH\View\View.php(216): CodeIgniter\Exceptions\FrameworkException::forInvalidFile('crudtemplate.php')
 2 SYSTEMPATH\Common.php(1190): CodeIgniter\View\View->render('crudtemplate', [], true)
 3 APPPATH\Controllers\CrudController.php(11): view('crudtemplate')
 4 SYSTEMPATH\CodeIgniter.php(942): App\Controllers\CrudController->index()
 5 SYSTEMPATH\CodeIgniter.php(502): CodeIgniter\CodeIgniter->runController(Object(App\Controllers\CrudController))
 6 SYSTEMPATH\CodeIgniter.php(361): CodeIgniter\CodeIgniter->handleRequest(null, Object(Config\Cache), false)
 7 FCPATH\index.php(79): CodeIgniter\CodeIgniter->run()
CRITICAL - 2023-11-04 11:29:51 --> Invalid file: "crudtemplate.php"
in SYSTEMPATH\Exceptions\FrameworkException.php on line 39.
 1 SYSTEMPATH\View\View.php(216): CodeIgniter\Exceptions\FrameworkException::forInvalidFile('crudtemplate.php')
 2 SYSTEMPATH\Common.php(1190): CodeIgniter\View\View->render('crudtemplate', [], true)
 3 APPPATH\Controllers\CrudController.php(11): view('crudtemplate')
 4 SYSTEMPATH\CodeIgniter.php(942): App\Controllers\CrudController->index()
 5 SYSTEMPATH\CodeIgniter.php(502): CodeIgniter\CodeIgniter->runController(Object(App\Controllers\CrudController))
 6 SYSTEMPATH\CodeIgniter.php(361): CodeIgniter\CodeIgniter->handleRequest(null, Object(Config\Cache), false)
 7 FCPATH\index.php(79): CodeIgniter\CodeIgniter->run()
CRITICAL - 2023-11-04 11:57:25 --> Invalid file: "crudtemplate.ph"
in SYSTEMPATH\Exceptions\FrameworkException.php on line 39.
 1 SYSTEMPATH\View\View.php(216): CodeIgniter\Exceptions\FrameworkException::forInvalidFile('crudtemplate.ph')
 2 SYSTEMPATH\View\View.php(244): CodeIgniter\View\View->render('crudtemplate.ph', [], true)
 3 SYSTEMPATH\Common.php(1190): CodeIgniter\View\View->render('crud', [], true)
 4 APPPATH\Controllers\CrudController.php(11): view('crud')
 5 SYSTEMPATH\CodeIgniter.php(942): App\Controllers\CrudController->index()
 6 SYSTEMPATH\CodeIgniter.php(502): CodeIgniter\CodeIgniter->runController(Object(App\Controllers\CrudController))
 7 SYSTEMPATH\CodeIgniter.php(361): CodeIgniter\CodeIgniter->handleRequest(null, Object(Config\Cache), false)
 8 FCPATH\index.php(79): CodeIgniter\CodeIgniter->run()
CRITICAL - 2023-11-04 11:58:00 --> Invalid file: "crudtemplate.php"
in SYSTEMPATH\Exceptions\FrameworkException.php on line 39.
 1 SYSTEMPATH\View\View.php(216): CodeIgniter\Exceptions\FrameworkException::forInvalidFile('crudtemplate.php')
 2 SYSTEMPATH\View\View.php(244): CodeIgniter\View\View->render('crudtemplate.php', [], true)
 3 SYSTEMPATH\Common.php(1190): CodeIgniter\View\View->render('crud', [], true)
 4 APPPATH\Controllers\CrudController.php(11): view('crud')
 5 SYSTEMPATH\CodeIgniter.php(942): App\Controllers\CrudController->index()
 6 SYSTEMPATH\CodeIgniter.php(502): CodeIgniter\CodeIgniter->runController(Object(App\Controllers\CrudController))
 7 SYSTEMPATH\CodeIgniter.php(361): CodeIgniter\CodeIgniter->handleRequest(null, Object(Config\Cache), false)
 8 FCPATH\index.php(79): CodeIgniter\CodeIgniter->run()
CRITICAL - 2023-11-04 12:06:15 --> Undefined variable $name
in APPPATH\Views\crud.php on line 22.
 1 APPPATH\Views\crud.php(22): CodeIgniter\Debug\Exceptions->errorHandler(2, 'Undefined variable $name', 'E:\\xampp\\htdocs\\Ci4.4.2-CRUD\\app\\Views\\crud.php', 22)
 2 SYSTEMPATH\View\View.php(228): include('E:\\xampp\\htdocs\\Ci4.4.2-CRUD\\app\\Views\\crud.php')
 3 SYSTEMPATH\View\View.php(231): CodeIgniter\View\View->CodeIgniter\View\{closure}()
 4 SYSTEMPATH\Common.php(1190): CodeIgniter\View\View->render('crud', [], true)
 5 APPPATH\Controllers\CrudController.php(15): view('crud', [...])
 6 SYSTEMPATH\CodeIgniter.php(942): App\Controllers\CrudController->index()
 7 SYSTEMPATH\CodeIgniter.php(502): CodeIgniter\CodeIgniter->runController(Object(App\Controllers\CrudController))
 8 SYSTEMPATH\CodeIgniter.php(361): CodeIgniter\CodeIgniter->handleRequest(null, Object(Config\Cache), false)
 9 FCPATH\index.php(79): CodeIgniter\CodeIgniter->run()
CRITICAL - 2023-11-04 12:06:54 --> Undefined variable $data
in APPPATH\Views\crud.php on line 7.
 1 APPPATH\Views\crud.php(7): CodeIgniter\Debug\Exceptions->errorHandler(2, 'Undefined variable $data', 'E:\\xampp\\htdocs\\Ci4.4.2-CRUD\\app\\Views\\crud.php', 7)
 2 SYSTEMPATH\View\View.php(228): include('E:\\xampp\\htdocs\\Ci4.4.2-CRUD\\app\\Views\\crud.php')
 3 SYSTEMPATH\View\View.php(231): CodeIgniter\View\View->CodeIgniter\View\{closure}()
 4 SYSTEMPATH\Common.php(1190): CodeIgniter\View\View->render('crud', [], true)
 5 APPPATH\Controllers\CrudController.php(15): view('crud', [...])
 6 SYSTEMPATH\CodeIgniter.php(942): App\Controllers\CrudController->index()
 7 SYSTEMPATH\CodeIgniter.php(502): CodeIgniter\CodeIgniter->runController(Object(App\Controllers\CrudController))
 8 SYSTEMPATH\CodeIgniter.php(361): CodeIgniter\CodeIgniter->handleRequest(null, Object(Config\Cache), false)
 9 FCPATH\index.php(79): CodeIgniter\CodeIgniter->run()
CRITICAL - 2023-11-04 12:10:12 --> Undefined constant "name"
in APPPATH\Views\crud.php on line 7.
 1 SYSTEMPATH\View\View.php(228): include()
 2 SYSTEMPATH\View\View.php(231): CodeIgniter\View\View->CodeIgniter\View\{closure}()
 3 SYSTEMPATH\Common.php(1190): CodeIgniter\View\View->render('crud', [], true)
 4 APPPATH\Controllers\CrudController.php(19): view('crud', [...])
 5 SYSTEMPATH\CodeIgniter.php(942): App\Controllers\CrudController->index()
 6 SYSTEMPATH\CodeIgniter.php(502): CodeIgniter\CodeIgniter->runController(Object(App\Controllers\CrudController))
 7 SYSTEMPATH\CodeIgniter.php(361): CodeIgniter\CodeIgniter->handleRequest(null, Object(Config\Cache), false)
 8 FCPATH\index.php(79): CodeIgniter\CodeIgniter->run()
CRITICAL - 2023-11-04 12:10:13 --> Undefined constant "name"
in APPPATH\Views\crud.php on line 7.
 1 SYSTEMPATH\View\View.php(228): include()
 2 SYSTEMPATH\View\View.php(231): CodeIgniter\View\View->CodeIgniter\View\{closure}()
 3 SYSTEMPATH\Common.php(1190): CodeIgniter\View\View->render('crud', [], true)
 4 APPPATH\Controllers\CrudController.php(19): view('crud', [...])
 5 SYSTEMPATH\CodeIgniter.php(942): App\Controllers\CrudController->index()
 6 SYSTEMPATH\CodeIgniter.php(502): CodeIgniter\CodeIgniter->runController(Object(App\Controllers\CrudController))
 7 SYSTEMPATH\CodeIgniter.php(361): CodeIgniter\CodeIgniter->handleRequest(null, Object(Config\Cache), false)
 8 FCPATH\index.php(79): CodeIgniter\CodeIgniter->run()
CRITICAL - 2023-11-04 12:10:13 --> Undefined constant "name"
in APPPATH\Views\crud.php on line 7.
 1 SYSTEMPATH\View\View.php(228): include()
 2 SYSTEMPATH\View\View.php(231): CodeIgniter\View\View->CodeIgniter\View\{closure}()
 3 SYSTEMPATH\Common.php(1190): CodeIgniter\View\View->render('crud', [], true)
 4 APPPATH\Controllers\CrudController.php(19): view('crud', [...])
 5 SYSTEMPATH\CodeIgniter.php(942): App\Controllers\CrudController->index()
 6 SYSTEMPATH\CodeIgniter.php(502): CodeIgniter\CodeIgniter->runController(Object(App\Controllers\CrudController))
 7 SYSTEMPATH\CodeIgniter.php(361): CodeIgniter\CodeIgniter->handleRequest(null, Object(Config\Cache), false)
 8 FCPATH\index.php(79): CodeIgniter\CodeIgniter->run()
CRITICAL - 2023-11-04 12:10:13 --> Undefined constant "name"
in APPPATH\Views\crud.php on line 7.
 1 SYSTEMPATH\View\View.php(228): include()
 2 SYSTEMPATH\View\View.php(231): CodeIgniter\View\View->CodeIgniter\View\{closure}()
 3 SYSTEMPATH\Common.php(1190): CodeIgniter\View\View->render('crud', [], true)
 4 APPPATH\Controllers\CrudController.php(19): view('crud', [...])
 5 SYSTEMPATH\CodeIgniter.php(942): App\Controllers\CrudController->index()
 6 SYSTEMPATH\CodeIgniter.php(502): CodeIgniter\CodeIgniter->runController(Object(App\Controllers\CrudController))
 7 SYSTEMPATH\CodeIgniter.php(361): CodeIgniter\CodeIgniter->handleRequest(null, Object(Config\Cache), false)
 8 FCPATH\index.php(79): CodeIgniter\CodeIgniter->run()
CRITICAL - 2023-11-04 12:10:13 --> Undefined constant "name"
in APPPATH\Views\crud.php on line 7.
 1 SYSTEMPATH\View\View.php(228): include()
 2 SYSTEMPATH\View\View.php(231): CodeIgniter\View\View->CodeIgniter\View\{closure}()
 3 SYSTEMPATH\Common.php(1190): CodeIgniter\View\View->render('crud', [], true)
 4 APPPATH\Controllers\CrudController.php(19): view('crud', [...])
 5 SYSTEMPATH\CodeIgniter.php(942): App\Controllers\CrudController->index()
 6 SYSTEMPATH\CodeIgniter.php(502): CodeIgniter\CodeIgniter->runController(Object(App\Controllers\CrudController))
 7 SYSTEMPATH\CodeIgniter.php(361): CodeIgniter\CodeIgniter->handleRequest(null, Object(Config\Cache), false)
 8 FCPATH\index.php(79): CodeIgniter\CodeIgniter->run()
CRITICAL - 2023-11-04 12:10:33 --> Undefined constant "name"
in APPPATH\Views\crud.php on line 7.
 1 SYSTEMPATH\View\View.php(228): include()
 2 SYSTEMPATH\View\View.php(231): CodeIgniter\View\View->CodeIgniter\View\{closure}()
 3 SYSTEMPATH\Common.php(1190): CodeIgniter\View\View->render('crud', [], true)
 4 APPPATH\Controllers\CrudController.php(19): view('crud', [...])
 5 SYSTEMPATH\CodeIgniter.php(942): App\Controllers\CrudController->index()
 6 SYSTEMPATH\CodeIgniter.php(502): CodeIgniter\CodeIgniter->runController(Object(App\Controllers\CrudController))
 7 SYSTEMPATH\CodeIgniter.php(361): CodeIgniter\CodeIgniter->handleRequest(null, Object(Config\Cache), false)
 8 FCPATH\index.php(79): CodeIgniter\CodeIgniter->run()
CRITICAL - 2023-11-04 12:10:34 --> Undefined constant "name"
in APPPATH\Views\crud.php on line 7.
 1 SYSTEMPATH\View\View.php(228): include()
 2 SYSTEMPATH\View\View.php(231): CodeIgniter\View\View->CodeIgniter\View\{closure}()
 3 SYSTEMPATH\Common.php(1190): CodeIgniter\View\View->render('crud', [], true)
 4 APPPATH\Controllers\CrudController.php(19): view('crud', [...])
 5 SYSTEMPATH\CodeIgniter.php(942): App\Controllers\CrudController->index()
 6 SYSTEMPATH\CodeIgniter.php(502): CodeIgniter\CodeIgniter->runController(Object(App\Controllers\CrudController))
 7 SYSTEMPATH\CodeIgniter.php(361): CodeIgniter\CodeIgniter->handleRequest(null, Object(Config\Cache), false)
 8 FCPATH\index.php(79): CodeIgniter\CodeIgniter->run()
CRITICAL - 2023-11-04 12:10:34 --> Undefined constant "name"
in APPPATH\Views\crud.php on line 7.
 1 SYSTEMPATH\View\View.php(228): include()
 2 SYSTEMPATH\View\View.php(231): CodeIgniter\View\View->CodeIgniter\View\{closure}()
 3 SYSTEMPATH\Common.php(1190): CodeIgniter\View\View->render('crud', [], true)
 4 APPPATH\Controllers\CrudController.php(19): view('crud', [...])
 5 SYSTEMPATH\CodeIgniter.php(942): App\Controllers\CrudController->index()
 6 SYSTEMPATH\CodeIgniter.php(502): CodeIgniter\CodeIgniter->runController(Object(App\Controllers\CrudController))
 7 SYSTEMPATH\CodeIgniter.php(361): CodeIgniter\CodeIgniter->handleRequest(null, Object(Config\Cache), false)
 8 FCPATH\index.php(79): CodeIgniter\CodeIgniter->run()
CRITICAL - 2023-11-04 12:10:35 --> Undefined constant "name"
in APPPATH\Views\crud.php on line 7.
 1 SYSTEMPATH\View\View.php(228): include()
 2 SYSTEMPATH\View\View.php(231): CodeIgniter\View\View->CodeIgniter\View\{closure}()
 3 SYSTEMPATH\Common.php(1190): CodeIgniter\View\View->render('crud', [], true)
 4 APPPATH\Controllers\CrudController.php(19): view('crud', [...])
 5 SYSTEMPATH\CodeIgniter.php(942): App\Controllers\CrudController->index()
 6 SYSTEMPATH\CodeIgniter.php(502): CodeIgniter\CodeIgniter->runController(Object(App\Controllers\CrudController))
 7 SYSTEMPATH\CodeIgniter.php(361): CodeIgniter\CodeIgniter->handleRequest(null, Object(Config\Cache), false)
 8 FCPATH\index.php(79): CodeIgniter\CodeIgniter->run()
CRITICAL - 2023-11-04 12:10:48 --> Undefined variable $data
in APPPATH\Views\crud.php on line 7.
 1 APPPATH\Views\crud.php(7): CodeIgniter\Debug\Exceptions->errorHandler(2, 'Undefined variable $data', 'E:\\xampp\\htdocs\\Ci4.4.2-CRUD\\app\\Views\\crud.php', 7)
 2 SYSTEMPATH\View\View.php(228): include('E:\\xampp\\htdocs\\Ci4.4.2-CRUD\\app\\Views\\crud.php')
 3 SYSTEMPATH\View\View.php(231): CodeIgniter\View\View->CodeIgniter\View\{closure}()
 4 SYSTEMPATH\Common.php(1190): CodeIgniter\View\View->render('crud', [], true)
 5 APPPATH\Controllers\CrudController.php(19): view('crud', [...])
 6 SYSTEMPATH\CodeIgniter.php(942): App\Controllers\CrudController->index()
 7 SYSTEMPATH\CodeIgniter.php(502): CodeIgniter\CodeIgniter->runController(Object(App\Controllers\CrudController))
 8 SYSTEMPATH\CodeIgniter.php(361): CodeIgniter\CodeIgniter->handleRequest(null, Object(Config\Cache), false)
 9 FCPATH\index.php(79): CodeIgniter\CodeIgniter->run()
CRITICAL - 2023-11-04 12:12:22 --> Undefined variable $name
in APPPATH\Views\crud.php on line 7.
 1 APPPATH\Views\crud.php(7): CodeIgniter\Debug\Exceptions->errorHandler(2, 'Undefined variable $name', 'E:\\xampp\\htdocs\\Ci4.4.2-CRUD\\app\\Views\\crud.php', 7)
 2 SYSTEMPATH\View\View.php(228): include('E:\\xampp\\htdocs\\Ci4.4.2-CRUD\\app\\Views\\crud.php')
 3 SYSTEMPATH\View\View.php(231): CodeIgniter\View\View->CodeIgniter\View\{closure}()
 4 SYSTEMPATH\Common.php(1190): CodeIgniter\View\View->render('crud', [], true)
 5 APPPATH\Controllers\CrudController.php(19): view('crud', [...])
 6 SYSTEMPATH\CodeIgniter.php(942): App\Controllers\CrudController->index()
 7 SYSTEMPATH\CodeIgniter.php(502): CodeIgniter\CodeIgniter->runController(Object(App\Controllers\CrudController))
 8 SYSTEMPATH\CodeIgniter.php(361): CodeIgniter\CodeIgniter->handleRequest(null, Object(Config\Cache), false)
 9 FCPATH\index.php(79): CodeIgniter\CodeIgniter->run()
CRITICAL - 2023-11-04 12:13:55 --> Undefined variable $name
in APPPATH\Views\crud.php on line 7.
 1 APPPATH\Views\crud.php(7): CodeIgniter\Debug\Exceptions->errorHandler(2, 'Undefined variable $name', 'E:\\xampp\\htdocs\\Ci4.4.2-CRUD\\app\\Views\\crud.php', 7)
 2 SYSTEMPATH\View\View.php(228): include('E:\\xampp\\htdocs\\Ci4.4.2-CRUD\\app\\Views\\crud.php')
 3 SYSTEMPATH\View\View.php(231): CodeIgniter\View\View->CodeIgniter\View\{closure}()
 4 SYSTEMPATH\Common.php(1190): CodeIgniter\View\View->render('crud', [], true)
 5 APPPATH\Controllers\CrudController.php(19): view('crud', [...])
 6 SYSTEMPATH\CodeIgniter.php(942): App\Controllers\CrudController->index()
 7 SYSTEMPATH\CodeIgniter.php(502): CodeIgniter\CodeIgniter->runController(Object(App\Controllers\CrudController))
 8 SYSTEMPATH\CodeIgniter.php(361): CodeIgniter\CodeIgniter->handleRequest(null, Object(Config\Cache), false)
 9 FCPATH\index.php(79): CodeIgniter\CodeIgniter->run()
CRITICAL - 2023-11-04 12:13:56 --> Undefined variable $name
in APPPATH\Views\crud.php on line 7.
 1 APPPATH\Views\crud.php(7): CodeIgniter\Debug\Exceptions->errorHandler(2, 'Undefined variable $name', 'E:\\xampp\\htdocs\\Ci4.4.2-CRUD\\app\\Views\\crud.php', 7)
 2 SYSTEMPATH\View\View.php(228): include('E:\\xampp\\htdocs\\Ci4.4.2-CRUD\\app\\Views\\crud.php')
 3 SYSTEMPATH\View\View.php(231): CodeIgniter\View\View->CodeIgniter\View\{closure}()
 4 SYSTEMPATH\Common.php(1190): CodeIgniter\View\View->render('crud', [], true)
 5 APPPATH\Controllers\CrudController.php(19): view('crud', [...])
 6 SYSTEMPATH\CodeIgniter.php(942): App\Controllers\CrudController->index()
 7 SYSTEMPATH\CodeIgniter.php(502): CodeIgniter\CodeIgniter->runController(Object(App\Controllers\CrudController))
 8 SYSTEMPATH\CodeIgniter.php(361): CodeIgniter\CodeIgniter->handleRequest(null, Object(Config\Cache), false)
 9 FCPATH\index.php(79): CodeIgniter\CodeIgniter->run()
CRITICAL - 2023-11-04 12:13:57 --> Undefined variable $name
in APPPATH\Views\crud.php on line 7.
 1 APPPATH\Views\crud.php(7): CodeIgniter\Debug\Exceptions->errorHandler(2, 'Undefined variable $name', 'E:\\xampp\\htdocs\\Ci4.4.2-CRUD\\app\\Views\\crud.php', 7)
 2 SYSTEMPATH\View\View.php(228): include('E:\\xampp\\htdocs\\Ci4.4.2-CRUD\\app\\Views\\crud.php')
 3 SYSTEMPATH\View\View.php(231): CodeIgniter\View\View->CodeIgniter\View\{closure}()
 4 SYSTEMPATH\Common.php(1190): CodeIgniter\View\View->render('crud', [], true)
 5 APPPATH\Controllers\CrudController.php(19): view('crud', [...])
 6 SYSTEMPATH\CodeIgniter.php(942): App\Controllers\CrudController->index()
 7 SYSTEMPATH\CodeIgniter.php(502): CodeIgniter\CodeIgniter->runController(Object(App\Controllers\CrudController))
 8 SYSTEMPATH\CodeIgniter.php(361): CodeIgniter\CodeIgniter->handleRequest(null, Object(Config\Cache), false)
 9 FCPATH\index.php(79): CodeIgniter\CodeIgniter->run()
CRITICAL - 2023-11-04 12:13:57 --> Undefined variable $name
in APPPATH\Views\crud.php on line 7.
 1 APPPATH\Views\crud.php(7): CodeIgniter\Debug\Exceptions->errorHandler(2, 'Undefined variable $name', 'E:\\xampp\\htdocs\\Ci4.4.2-CRUD\\app\\Views\\crud.php', 7)
 2 SYSTEMPATH\View\View.php(228): include('E:\\xampp\\htdocs\\Ci4.4.2-CRUD\\app\\Views\\crud.php')
 3 SYSTEMPATH\View\View.php(231): CodeIgniter\View\View->CodeIgniter\View\{closure}()
 4 SYSTEMPATH\Common.php(1190): CodeIgniter\View\View->render('crud', [], true)
 5 APPPATH\Controllers\CrudController.php(19): view('crud', [...])
 6 SYSTEMPATH\CodeIgniter.php(942): App\Controllers\CrudController->index()
 7 SYSTEMPATH\CodeIgniter.php(502): CodeIgniter\CodeIgniter->runController(Object(App\Controllers\CrudController))
 8 SYSTEMPATH\CodeIgniter.php(361): CodeIgniter\CodeIgniter->handleRequest(null, Object(Config\Cache), false)
 9 FCPATH\index.php(79): CodeIgniter\CodeIgniter->run()
CRITICAL - 2023-11-04 12:13:57 --> Undefined variable $name
in APPPATH\Views\crud.php on line 7.
 1 APPPATH\Views\crud.php(7): CodeIgniter\Debug\Exceptions->errorHandler(2, 'Undefined variable $name', 'E:\\xampp\\htdocs\\Ci4.4.2-CRUD\\app\\Views\\crud.php', 7)
 2 SYSTEMPATH\View\View.php(228): include('E:\\xampp\\htdocs\\Ci4.4.2-CRUD\\app\\Views\\crud.php')
 3 SYSTEMPATH\View\View.php(231): CodeIgniter\View\View->CodeIgniter\View\{closure}()
 4 SYSTEMPATH\Common.php(1190): CodeIgniter\View\View->render('crud', [], true)
 5 APPPATH\Controllers\CrudController.php(19): view('crud', [...])
 6 SYSTEMPATH\CodeIgniter.php(942): App\Controllers\CrudController->index()
 7 SYSTEMPATH\CodeIgniter.php(502): CodeIgniter\CodeIgniter->runController(Object(App\Controllers\CrudController))
 8 SYSTEMPATH\CodeIgniter.php(361): CodeIgniter\CodeIgniter->handleRequest(null, Object(Config\Cache), false)
 9 FCPATH\index.php(79): CodeIgniter\CodeIgniter->run()
CRITICAL - 2023-11-04 12:16:01 --> Undefined variable $name
in APPPATH\Views\crud.php on line 7.
 1 APPPATH\Views\crud.php(7): CodeIgniter\Debug\Exceptions->errorHandler(2, 'Undefined variable $name', 'E:\\xampp\\htdocs\\Ci4.4.2-CRUD\\app\\Views\\crud.php', 7)
 2 SYSTEMPATH\View\View.php(228): include('E:\\xampp\\htdocs\\Ci4.4.2-CRUD\\app\\Views\\crud.php')
 3 SYSTEMPATH\View\View.php(231): CodeIgniter\View\View->CodeIgniter\View\{closure}()
 4 SYSTEMPATH\Common.php(1190): CodeIgniter\View\View->render('crud', [], true)
 5 APPPATH\Controllers\CrudController.php(19): view('crud', [...])
 6 SYSTEMPATH\CodeIgniter.php(942): App\Controllers\CrudController->index()
 7 SYSTEMPATH\CodeIgniter.php(502): CodeIgniter\CodeIgniter->runController(Object(App\Controllers\CrudController))
 8 SYSTEMPATH\CodeIgniter.php(361): CodeIgniter\CodeIgniter->handleRequest(null, Object(Config\Cache), false)
 9 FCPATH\index.php(79): CodeIgniter\CodeIgniter->run()
CRITICAL - 2023-11-04 12:16:02 --> Undefined variable $name
in APPPATH\Views\crud.php on line 7.
 1 APPPATH\Views\crud.php(7): CodeIgniter\Debug\Exceptions->errorHandler(2, 'Undefined variable $name', 'E:\\xampp\\htdocs\\Ci4.4.2-CRUD\\app\\Views\\crud.php', 7)
 2 SYSTEMPATH\View\View.php(228): include('E:\\xampp\\htdocs\\Ci4.4.2-CRUD\\app\\Views\\crud.php')
 3 SYSTEMPATH\View\View.php(231): CodeIgniter\View\View->CodeIgniter\View\{closure}()
 4 SYSTEMPATH\Common.php(1190): CodeIgniter\View\View->render('crud', [], true)
 5 APPPATH\Controllers\CrudController.php(19): view('crud', [...])
 6 SYSTEMPATH\CodeIgniter.php(942): App\Controllers\CrudController->index()
 7 SYSTEMPATH\CodeIgniter.php(502): CodeIgniter\CodeIgniter->runController(Object(App\Controllers\CrudController))
 8 SYSTEMPATH\CodeIgniter.php(361): CodeIgniter\CodeIgniter->handleRequest(null, Object(Config\Cache), false)
 9 FCPATH\index.php(79): CodeIgniter\CodeIgniter->run()
CRITICAL - 2023-11-04 12:16:02 --> Undefined variable $name
in APPPATH\Views\crud.php on line 7.
 1 APPPATH\Views\crud.php(7): CodeIgniter\Debug\Exceptions->errorHandler(2, 'Undefined variable $name', 'E:\\xampp\\htdocs\\Ci4.4.2-CRUD\\app\\Views\\crud.php', 7)
 2 SYSTEMPATH\View\View.php(228): include('E:\\xampp\\htdocs\\Ci4.4.2-CRUD\\app\\Views\\crud.php')
 3 SYSTEMPATH\View\View.php(231): CodeIgniter\View\View->CodeIgniter\View\{closure}()
 4 SYSTEMPATH\Common.php(1190): CodeIgniter\View\View->render('crud', [], true)
 5 APPPATH\Controllers\CrudController.php(19): view('crud', [...])
 6 SYSTEMPATH\CodeIgniter.php(942): App\Controllers\CrudController->index()
 7 SYSTEMPATH\CodeIgniter.php(502): CodeIgniter\CodeIgniter->runController(Object(App\Controllers\CrudController))
 8 SYSTEMPATH\CodeIgniter.php(361): CodeIgniter\CodeIgniter->handleRequest(null, Object(Config\Cache), false)
 9 FCPATH\index.php(79): CodeIgniter\CodeIgniter->run()
CRITICAL - 2023-11-04 12:17:12 --> Undefined variable $name
in APPPATH\Views\crud.php on line 7.
 1 APPPATH\Views\crud.php(7): CodeIgniter\Debug\Exceptions->errorHandler(2, 'Undefined variable $name', 'E:\\xampp\\htdocs\\Ci4.4.2-CRUD\\app\\Views\\crud.php', 7)
 2 SYSTEMPATH\View\View.php(228): include('E:\\xampp\\htdocs\\Ci4.4.2-CRUD\\app\\Views\\crud.php')
 3 SYSTEMPATH\View\View.php(231): CodeIgniter\View\View->CodeIgniter\View\{closure}()
 4 SYSTEMPATH\Common.php(1190): CodeIgniter\View\View->render('crud', [], true)
 5 APPPATH\Controllers\CrudController.php(19): view('crud', [...])
 6 SYSTEMPATH\CodeIgniter.php(942): App\Controllers\CrudController->index()
 7 SYSTEMPATH\CodeIgniter.php(502): CodeIgniter\CodeIgniter->runController(Object(App\Controllers\CrudController))
 8 SYSTEMPATH\CodeIgniter.php(361): CodeIgniter\CodeIgniter->handleRequest(null, Object(Config\Cache), false)
 9 FCPATH\index.php(79): CodeIgniter\CodeIgniter->run()
CRITICAL - 2023-11-04 12:17:12 --> Undefined variable $name
in APPPATH\Views\crud.php on line 7.
 1 APPPATH\Views\crud.php(7): CodeIgniter\Debug\Exceptions->errorHandler(2, 'Undefined variable $name', 'E:\\xampp\\htdocs\\Ci4.4.2-CRUD\\app\\Views\\crud.php', 7)
 2 SYSTEMPATH\View\View.php(228): include('E:\\xampp\\htdocs\\Ci4.4.2-CRUD\\app\\Views\\crud.php')
 3 SYSTEMPATH\View\View.php(231): CodeIgniter\View\View->CodeIgniter\View\{closure}()
 4 SYSTEMPATH\Common.php(1190): CodeIgniter\View\View->render('crud', [], true)
 5 APPPATH\Controllers\CrudController.php(19): view('crud', [...])
 6 SYSTEMPATH\CodeIgniter.php(942): App\Controllers\CrudController->index()
 7 SYSTEMPATH\CodeIgniter.php(502): CodeIgniter\CodeIgniter->runController(Object(App\Controllers\CrudController))
 8 SYSTEMPATH\CodeIgniter.php(361): CodeIgniter\CodeIgniter->handleRequest(null, Object(Config\Cache), false)
 9 FCPATH\index.php(79): CodeIgniter\CodeIgniter->run()
CRITICAL - 2023-11-04 12:17:13 --> Undefined variable $name
in APPPATH\Views\crud.php on line 7.
 1 APPPATH\Views\crud.php(7): CodeIgniter\Debug\Exceptions->errorHandler(2, 'Undefined variable $name', 'E:\\xampp\\htdocs\\Ci4.4.2-CRUD\\app\\Views\\crud.php', 7)
 2 SYSTEMPATH\View\View.php(228): include('E:\\xampp\\htdocs\\Ci4.4.2-CRUD\\app\\Views\\crud.php')
 3 SYSTEMPATH\View\View.php(231): CodeIgniter\View\View->CodeIgniter\View\{closure}()
 4 SYSTEMPATH\Common.php(1190): CodeIgniter\View\View->render('crud', [], true)
 5 APPPATH\Controllers\CrudController.php(19): view('crud', [...])
 6 SYSTEMPATH\CodeIgniter.php(942): App\Controllers\CrudController->index()
 7 SYSTEMPATH\CodeIgniter.php(502): CodeIgniter\CodeIgniter->runController(Object(App\Controllers\CrudController))
 8 SYSTEMPATH\CodeIgniter.php(361): CodeIgniter\CodeIgniter->handleRequest(null, Object(Config\Cache), false)
 9 FCPATH\index.php(79): CodeIgniter\CodeIgniter->run()
CRITICAL - 2023-11-04 12:17:13 --> Undefined variable $name
in APPPATH\Views\crud.php on line 7.
 1 APPPATH\Views\crud.php(7): CodeIgniter\Debug\Exceptions->errorHandler(2, 'Undefined variable $name', 'E:\\xampp\\htdocs\\Ci4.4.2-CRUD\\app\\Views\\crud.php', 7)
 2 SYSTEMPATH\View\View.php(228): include('E:\\xampp\\htdocs\\Ci4.4.2-CRUD\\app\\Views\\crud.php')
 3 SYSTEMPATH\View\View.php(231): CodeIgniter\View\View->CodeIgniter\View\{closure}()
 4 SYSTEMPATH\Common.php(1190): CodeIgniter\View\View->render('crud', [], true)
 5 APPPATH\Controllers\CrudController.php(19): view('crud', [...])
 6 SYSTEMPATH\CodeIgniter.php(942): App\Controllers\CrudController->index()
 7 SYSTEMPATH\CodeIgniter.php(502): CodeIgniter\CodeIgniter->runController(Object(App\Controllers\CrudController))
 8 SYSTEMPATH\CodeIgniter.php(361): CodeIgniter\CodeIgniter->handleRequest(null, Object(Config\Cache), false)
 9 FCPATH\index.php(79): CodeIgniter\CodeIgniter->run()
CRITICAL - 2023-11-04 12:17:45 --> Undefined variable $name
in APPPATH\Views\crud.php on line 7.
 1 APPPATH\Views\crud.php(7): CodeIgniter\Debug\Exceptions->errorHandler(2, 'Undefined variable $name', 'E:\\xampp\\htdocs\\Ci4.4.2-CRUD\\app\\Views\\crud.php', 7)
 2 SYSTEMPATH\View\View.php(228): include('E:\\xampp\\htdocs\\Ci4.4.2-CRUD\\app\\Views\\crud.php')
 3 SYSTEMPATH\View\View.php(231): CodeIgniter\View\View->CodeIgniter\View\{closure}()
 4 SYSTEMPATH\Common.php(1190): CodeIgniter\View\View->render('crud', [], true)
 5 APPPATH\Controllers\CrudController.php(19): view('crud', [...])
 6 SYSTEMPATH\CodeIgniter.php(942): App\Controllers\CrudController->index()
 7 SYSTEMPATH\CodeIgniter.php(502): CodeIgniter\CodeIgniter->runController(Object(App\Controllers\CrudController))
 8 SYSTEMPATH\CodeIgniter.php(361): CodeIgniter\CodeIgniter->handleRequest(null, Object(Config\Cache), false)
 9 FCPATH\index.php(79): CodeIgniter\CodeIgniter->run()
CRITICAL - 2023-11-04 12:17:45 --> Undefined variable $name
in APPPATH\Views\crud.php on line 7.
 1 APPPATH\Views\crud.php(7): CodeIgniter\Debug\Exceptions->errorHandler(2, 'Undefined variable $name', 'E:\\xampp\\htdocs\\Ci4.4.2-CRUD\\app\\Views\\crud.php', 7)
 2 SYSTEMPATH\View\View.php(228): include('E:\\xampp\\htdocs\\Ci4.4.2-CRUD\\app\\Views\\crud.php')
 3 SYSTEMPATH\View\View.php(231): CodeIgniter\View\View->CodeIgniter\View\{closure}()
 4 SYSTEMPATH\Common.php(1190): CodeIgniter\View\View->render('crud', [], true)
 5 APPPATH\Controllers\CrudController.php(19): view('crud', [...])
 6 SYSTEMPATH\CodeIgniter.php(942): App\Controllers\CrudController->index()
 7 SYSTEMPATH\CodeIgniter.php(502): CodeIgniter\CodeIgniter->runController(Object(App\Controllers\CrudController))
 8 SYSTEMPATH\CodeIgniter.php(361): CodeIgniter\CodeIgniter->handleRequest(null, Object(Config\Cache), false)
 9 FCPATH\index.php(79): CodeIgniter\CodeIgniter->run()
CRITICAL - 2023-11-04 12:17:46 --> Undefined variable $name
in APPPATH\Views\crud.php on line 7.
 1 APPPATH\Views\crud.php(7): CodeIgniter\Debug\Exceptions->errorHandler(2, 'Undefined variable $name', 'E:\\xampp\\htdocs\\Ci4.4.2-CRUD\\app\\Views\\crud.php', 7)
 2 SYSTEMPATH\View\View.php(228): include('E:\\xampp\\htdocs\\Ci4.4.2-CRUD\\app\\Views\\crud.php')
 3 SYSTEMPATH\View\View.php(231): CodeIgniter\View\View->CodeIgniter\View\{closure}()
 4 SYSTEMPATH\Common.php(1190): CodeIgniter\View\View->render('crud', [], true)
 5 APPPATH\Controllers\CrudController.php(19): view('crud', [...])
 6 SYSTEMPATH\CodeIgniter.php(942): App\Controllers\CrudController->index()
 7 SYSTEMPATH\CodeIgniter.php(502): CodeIgniter\CodeIgniter->runController(Object(App\Controllers\CrudController))
 8 SYSTEMPATH\CodeIgniter.php(361): CodeIgniter\CodeIgniter->handleRequest(null, Object(Config\Cache), false)
 9 FCPATH\index.php(79): CodeIgniter\CodeIgniter->run()
CRITICAL - 2023-11-04 12:17:46 --> Undefined variable $name
in APPPATH\Views\crud.php on line 7.
 1 APPPATH\Views\crud.php(7): CodeIgniter\Debug\Exceptions->errorHandler(2, 'Undefined variable $name', 'E:\\xampp\\htdocs\\Ci4.4.2-CRUD\\app\\Views\\crud.php', 7)
 2 SYSTEMPATH\View\View.php(228): include('E:\\xampp\\htdocs\\Ci4.4.2-CRUD\\app\\Views\\crud.php')
 3 SYSTEMPATH\View\View.php(231): CodeIgniter\View\View->CodeIgniter\View\{closure}()
 4 SYSTEMPATH\Common.php(1190): CodeIgniter\View\View->render('crud', [], true)
 5 APPPATH\Controllers\CrudController.php(19): view('crud', [...])
 6 SYSTEMPATH\CodeIgniter.php(942): App\Controllers\CrudController->index()
 7 SYSTEMPATH\CodeIgniter.php(502): CodeIgniter\CodeIgniter->runController(Object(App\Controllers\CrudController))
 8 SYSTEMPATH\CodeIgniter.php(361): CodeIgniter\CodeIgniter->handleRequest(null, Object(Config\Cache), false)
 9 FCPATH\index.php(79): CodeIgniter\CodeIgniter->run()
CRITICAL - 2023-11-04 12:17:46 --> Undefined variable $name
in APPPATH\Views\crud.php on line 7.
 1 APPPATH\Views\crud.php(7): CodeIgniter\Debug\Exceptions->errorHandler(2, 'Undefined variable $name', 'E:\\xampp\\htdocs\\Ci4.4.2-CRUD\\app\\Views\\crud.php', 7)
 2 SYSTEMPATH\View\View.php(228): include('E:\\xampp\\htdocs\\Ci4.4.2-CRUD\\app\\Views\\crud.php')
 3 SYSTEMPATH\View\View.php(231): CodeIgniter\View\View->CodeIgniter\View\{closure}()
 4 SYSTEMPATH\Common.php(1190): CodeIgniter\View\View->render('crud', [], true)
 5 APPPATH\Controllers\CrudController.php(19): view('crud', [...])
 6 SYSTEMPATH\CodeIgniter.php(942): App\Controllers\CrudController->index()
 7 SYSTEMPATH\CodeIgniter.php(502): CodeIgniter\CodeIgniter->runController(Object(App\Controllers\CrudController))
 8 SYSTEMPATH\CodeIgniter.php(361): CodeIgniter\CodeIgniter->handleRequest(null, Object(Config\Cache), false)
 9 FCPATH\index.php(79): CodeIgniter\CodeIgniter->run()
CRITICAL - 2023-11-04 12:18:09 --> Undefined variable $name
in APPPATH\Views\crud.php on line 7.
 1 APPPATH\Views\crud.php(7): CodeIgniter\Debug\Exceptions->errorHandler(2, 'Undefined variable $name', 'E:\\xampp\\htdocs\\Ci4.4.2-CRUD\\app\\Views\\crud.php', 7)
 2 SYSTEMPATH\View\View.php(228): include('E:\\xampp\\htdocs\\Ci4.4.2-CRUD\\app\\Views\\crud.php')
 3 SYSTEMPATH\View\View.php(231): CodeIgniter\View\View->CodeIgniter\View\{closure}()
 4 SYSTEMPATH\Common.php(1190): CodeIgniter\View\View->render('crud', [], true)
 5 APPPATH\Controllers\CrudController.php(19): view('crud', [...])
 6 SYSTEMPATH\CodeIgniter.php(942): App\Controllers\CrudController->index()
 7 SYSTEMPATH\CodeIgniter.php(502): CodeIgniter\CodeIgniter->runController(Object(App\Controllers\CrudController))
 8 SYSTEMPATH\CodeIgniter.php(361): CodeIgniter\CodeIgniter->handleRequest(null, Object(Config\Cache), false)
 9 FCPATH\index.php(79): CodeIgniter\CodeIgniter->run()
CRITICAL - 2023-11-04 12:18:10 --> Undefined variable $name
in APPPATH\Views\crud.php on line 7.
 1 APPPATH\Views\crud.php(7): CodeIgniter\Debug\Exceptions->errorHandler(2, 'Undefined variable $name', 'E:\\xampp\\htdocs\\Ci4.4.2-CRUD\\app\\Views\\crud.php', 7)
 2 SYSTEMPATH\View\View.php(228): include('E:\\xampp\\htdocs\\Ci4.4.2-CRUD\\app\\Views\\crud.php')
 3 SYSTEMPATH\View\View.php(231): CodeIgniter\View\View->CodeIgniter\View\{closure}()
 4 SYSTEMPATH\Common.php(1190): CodeIgniter\View\View->render('crud', [], true)
 5 APPPATH\Controllers\CrudController.php(19): view('crud', [...])
 6 SYSTEMPATH\CodeIgniter.php(942): App\Controllers\CrudController->index()
 7 SYSTEMPATH\CodeIgniter.php(502): CodeIgniter\CodeIgniter->runController(Object(App\Controllers\CrudController))
 8 SYSTEMPATH\CodeIgniter.php(361): CodeIgniter\CodeIgniter->handleRequest(null, Object(Config\Cache), false)
 9 FCPATH\index.php(79): CodeIgniter\CodeIgniter->run()
CRITICAL - 2023-11-04 12:18:10 --> Undefined variable $name
in APPPATH\Views\crud.php on line 7.
 1 APPPATH\Views\crud.php(7): CodeIgniter\Debug\Exceptions->errorHandler(2, 'Undefined variable $name', 'E:\\xampp\\htdocs\\Ci4.4.2-CRUD\\app\\Views\\crud.php', 7)
 2 SYSTEMPATH\View\View.php(228): include('E:\\xampp\\htdocs\\Ci4.4.2-CRUD\\app\\Views\\crud.php')
 3 SYSTEMPATH\View\View.php(231): CodeIgniter\View\View->CodeIgniter\View\{closure}()
 4 SYSTEMPATH\Common.php(1190): CodeIgniter\View\View->render('crud', [], true)
 5 APPPATH\Controllers\CrudController.php(19): view('crud', [...])
 6 SYSTEMPATH\CodeIgniter.php(942): App\Controllers\CrudController->index()
 7 SYSTEMPATH\CodeIgniter.php(502): CodeIgniter\CodeIgniter->runController(Object(App\Controllers\CrudController))
 8 SYSTEMPATH\CodeIgniter.php(361): CodeIgniter\CodeIgniter->handleRequest(null, Object(Config\Cache), false)
 9 FCPATH\index.php(79): CodeIgniter\CodeIgniter->run()
CRITICAL - 2023-11-04 12:18:11 --> Undefined variable $name
in APPPATH\Views\crud.php on line 7.
 1 APPPATH\Views\crud.php(7): CodeIgniter\Debug\Exceptions->errorHandler(2, 'Undefined variable $name', 'E:\\xampp\\htdocs\\Ci4.4.2-CRUD\\app\\Views\\crud.php', 7)
 2 SYSTEMPATH\View\View.php(228): include('E:\\xampp\\htdocs\\Ci4.4.2-CRUD\\app\\Views\\crud.php')
 3 SYSTEMPATH\View\View.php(231): CodeIgniter\View\View->CodeIgniter\View\{closure}()
 4 SYSTEMPATH\Common.php(1190): CodeIgniter\View\View->render('crud', [], true)
 5 APPPATH\Controllers\CrudController.php(19): view('crud', [...])
 6 SYSTEMPATH\CodeIgniter.php(942): App\Controllers\CrudController->index()
 7 SYSTEMPATH\CodeIgniter.php(502): CodeIgniter\CodeIgniter->runController(Object(App\Controllers\CrudController))
 8 SYSTEMPATH\CodeIgniter.php(361): CodeIgniter\CodeIgniter->handleRequest(null, Object(Config\Cache), false)
 9 FCPATH\index.php(79): CodeIgniter\CodeIgniter->run()
CRITICAL - 2023-11-04 12:18:11 --> Undefined variable $name
in APPPATH\Views\crud.php on line 7.
 1 APPPATH\Views\crud.php(7): CodeIgniter\Debug\Exceptions->errorHandler(2, 'Undefined variable $name', 'E:\\xampp\\htdocs\\Ci4.4.2-CRUD\\app\\Views\\crud.php', 7)
 2 SYSTEMPATH\View\View.php(228): include('E:\\xampp\\htdocs\\Ci4.4.2-CRUD\\app\\Views\\crud.php')
 3 SYSTEMPATH\View\View.php(231): CodeIgniter\View\View->CodeIgniter\View\{closure}()
 4 SYSTEMPATH\Common.php(1190): CodeIgniter\View\View->render('crud', [], true)
 5 APPPATH\Controllers\CrudController.php(19): view('crud', [...])
 6 SYSTEMPATH\CodeIgniter.php(942): App\Controllers\CrudController->index()
 7 SYSTEMPATH\CodeIgniter.php(502): CodeIgniter\CodeIgniter->runController(Object(App\Controllers\CrudController))
 8 SYSTEMPATH\CodeIgniter.php(361): CodeIgniter\CodeIgniter->handleRequest(null, Object(Config\Cache), false)
 9 FCPATH\index.php(79): CodeIgniter\CodeIgniter->run()
CRITICAL - 2023-11-04 12:18:11 --> Undefined variable $name
in APPPATH\Views\crud.php on line 7.
 1 APPPATH\Views\crud.php(7): CodeIgniter\Debug\Exceptions->errorHandler(2, 'Undefined variable $name', 'E:\\xampp\\htdocs\\Ci4.4.2-CRUD\\app\\Views\\crud.php', 7)
 2 SYSTEMPATH\View\View.php(228): include('E:\\xampp\\htdocs\\Ci4.4.2-CRUD\\app\\Views\\crud.php')
 3 SYSTEMPATH\View\View.php(231): CodeIgniter\View\View->CodeIgniter\View\{closure}()
 4 SYSTEMPATH\Common.php(1190): CodeIgniter\View\View->render('crud', [], true)
 5 APPPATH\Controllers\CrudController.php(19): view('crud', [...])
 6 SYSTEMPATH\CodeIgniter.php(942): App\Controllers\CrudController->index()
 7 SYSTEMPATH\CodeIgniter.php(502): CodeIgniter\CodeIgniter->runController(Object(App\Controllers\CrudController))
 8 SYSTEMPATH\CodeIgniter.php(361): CodeIgniter\CodeIgniter->handleRequest(null, Object(Config\Cache), false)
 9 FCPATH\index.php(79): CodeIgniter\CodeIgniter->run()
CRITICAL - 2023-11-04 12:18:11 --> Undefined variable $name
in APPPATH\Views\crud.php on line 7.
 1 APPPATH\Views\crud.php(7): CodeIgniter\Debug\Exceptions->errorHandler(2, 'Undefined variable $name', 'E:\\xampp\\htdocs\\Ci4.4.2-CRUD\\app\\Views\\crud.php', 7)
 2 SYSTEMPATH\View\View.php(228): include('E:\\xampp\\htdocs\\Ci4.4.2-CRUD\\app\\Views\\crud.php')
 3 SYSTEMPATH\View\View.php(231): CodeIgniter\View\View->CodeIgniter\View\{closure}()
 4 SYSTEMPATH\Common.php(1190): CodeIgniter\View\View->render('crud', [], true)
 5 APPPATH\Controllers\CrudController.php(19): view('crud', [...])
 6 SYSTEMPATH\CodeIgniter.php(942): App\Controllers\CrudController->index()
 7 SYSTEMPATH\CodeIgniter.php(502): CodeIgniter\CodeIgniter->runController(Object(App\Controllers\CrudController))
 8 SYSTEMPATH\CodeIgniter.php(361): CodeIgniter\CodeIgniter->handleRequest(null, Object(Config\Cache), false)
 9 FCPATH\index.php(79): CodeIgniter\CodeIgniter->run()
CRITICAL - 2023-11-04 12:18:28 --> Undefined variable $username
in APPPATH\Views\crud.php on line 7.
 1 APPPATH\Views\crud.php(7): CodeIgniter\Debug\Exceptions->errorHandler(2, 'Undefined variable $username', 'E:\\xampp\\htdocs\\Ci4.4.2-CRUD\\app\\Views\\crud.php', 7)
 2 SYSTEMPATH\View\View.php(228): include('E:\\xampp\\htdocs\\Ci4.4.2-CRUD\\app\\Views\\crud.php')
 3 SYSTEMPATH\View\View.php(231): CodeIgniter\View\View->CodeIgniter\View\{closure}()
 4 SYSTEMPATH\Common.php(1190): CodeIgniter\View\View->render('crud', [], true)
 5 APPPATH\Controllers\CrudController.php(19): view('crud', [...])
 6 SYSTEMPATH\CodeIgniter.php(942): App\Controllers\CrudController->index()
 7 SYSTEMPATH\CodeIgniter.php(502): CodeIgniter\CodeIgniter->runController(Object(App\Controllers\CrudController))
 8 SYSTEMPATH\CodeIgniter.php(361): CodeIgniter\CodeIgniter->handleRequest(null, Object(Config\Cache), false)
 9 FCPATH\index.php(79): CodeIgniter\CodeIgniter->run()
CRITICAL - 2023-11-04 12:18:29 --> Undefined variable $username
in APPPATH\Views\crud.php on line 7.
 1 APPPATH\Views\crud.php(7): CodeIgniter\Debug\Exceptions->errorHandler(2, 'Undefined variable $username', 'E:\\xampp\\htdocs\\Ci4.4.2-CRUD\\app\\Views\\crud.php', 7)
 2 SYSTEMPATH\View\View.php(228): include('E:\\xampp\\htdocs\\Ci4.4.2-CRUD\\app\\Views\\crud.php')
 3 SYSTEMPATH\View\View.php(231): CodeIgniter\View\View->CodeIgniter\View\{closure}()
 4 SYSTEMPATH\Common.php(1190): CodeIgniter\View\View->render('crud', [], true)
 5 APPPATH\Controllers\CrudController.php(19): view('crud', [...])
 6 SYSTEMPATH\CodeIgniter.php(942): App\Controllers\CrudController->index()
 7 SYSTEMPATH\CodeIgniter.php(502): CodeIgniter\CodeIgniter->runController(Object(App\Controllers\CrudController))
 8 SYSTEMPATH\CodeIgniter.php(361): CodeIgniter\CodeIgniter->handleRequest(null, Object(Config\Cache), false)
 9 FCPATH\index.php(79): CodeIgniter\CodeIgniter->run()
CRITICAL - 2023-11-04 12:18:29 --> Undefined variable $username
in APPPATH\Views\crud.php on line 7.
 1 APPPATH\Views\crud.php(7): CodeIgniter\Debug\Exceptions->errorHandler(2, 'Undefined variable $username', 'E:\\xampp\\htdocs\\Ci4.4.2-CRUD\\app\\Views\\crud.php', 7)
 2 SYSTEMPATH\View\View.php(228): include('E:\\xampp\\htdocs\\Ci4.4.2-CRUD\\app\\Views\\crud.php')
 3 SYSTEMPATH\View\View.php(231): CodeIgniter\View\View->CodeIgniter\View\{closure}()
 4 SYSTEMPATH\Common.php(1190): CodeIgniter\View\View->render('crud', [], true)
 5 APPPATH\Controllers\CrudController.php(19): view('crud', [...])
 6 SYSTEMPATH\CodeIgniter.php(942): App\Controllers\CrudController->index()
 7 SYSTEMPATH\CodeIgniter.php(502): CodeIgniter\CodeIgniter->runController(Object(App\Controllers\CrudController))
 8 SYSTEMPATH\CodeIgniter.php(361): CodeIgniter\CodeIgniter->handleRequest(null, Object(Config\Cache), false)
 9 FCPATH\index.php(79): CodeIgniter\CodeIgniter->run()
CRITICAL - 2023-11-04 12:22:24 --> Undefined array key "name"
in APPPATH\Views\crud.php on line 13.
 1 APPPATH\Views\crud.php(13): CodeIgniter\Debug\Exceptions->errorHandler(2, 'Undefined array key "name"', 'E:\\xampp\\htdocs\\Ci4.4.2-CRUD\\app\\Views\\crud.php', 13)
 2 SYSTEMPATH\View\View.php(228): include('E:\\xampp\\htdocs\\Ci4.4.2-CRUD\\app\\Views\\crud.php')
 3 SYSTEMPATH\View\View.php(231): CodeIgniter\View\View->CodeIgniter\View\{closure}()
 4 SYSTEMPATH\Common.php(1190): CodeIgniter\View\View->render('crud', [], true)
 5 APPPATH\Controllers\CrudController.php(19): view('crud', [...])
 6 SYSTEMPATH\CodeIgniter.php(942): App\Controllers\CrudController->index()
 7 SYSTEMPATH\CodeIgniter.php(502): CodeIgniter\CodeIgniter->runController(Object(App\Controllers\CrudController))
 8 SYSTEMPATH\CodeIgniter.php(361): CodeIgniter\CodeIgniter->handleRequest(null, Object(Config\Cache), false)
 9 FCPATH\index.php(79): CodeIgniter\CodeIgniter->run()
CRITICAL - 2023-11-04 12:22:39 --> Attempt to read property "name" on array
in APPPATH\Views\crud.php on line 13.
 1 APPPATH\Views\crud.php(13): CodeIgniter\Debug\Exceptions->errorHandler(2, 'Attempt to read property "name" on array', 'E:\\xampp\\htdocs\\Ci4.4.2-CRUD\\app\\Views\\crud.php', 13)
 2 SYSTEMPATH\View\View.php(228): include('E:\\xampp\\htdocs\\Ci4.4.2-CRUD\\app\\Views\\crud.php')
 3 SYSTEMPATH\View\View.php(231): CodeIgniter\View\View->CodeIgniter\View\{closure}()
 4 SYSTEMPATH\Common.php(1190): CodeIgniter\View\View->render('crud', [], true)
 5 APPPATH\Controllers\CrudController.php(19): view('crud', [...])
 6 SYSTEMPATH\CodeIgniter.php(942): App\Controllers\CrudController->index()
 7 SYSTEMPATH\CodeIgniter.php(502): CodeIgniter\CodeIgniter->runController(Object(App\Controllers\CrudController))
 8 SYSTEMPATH\CodeIgniter.php(361): CodeIgniter\CodeIgniter->handleRequest(null, Object(Config\Cache), false)
 9 FCPATH\index.php(79): CodeIgniter\CodeIgniter->run()
CRITICAL - 2023-11-04 12:22:40 --> Attempt to read property "name" on array
in APPPATH\Views\crud.php on line 13.
 1 APPPATH\Views\crud.php(13): CodeIgniter\Debug\Exceptions->errorHandler(2, 'Attempt to read property "name" on array', 'E:\\xampp\\htdocs\\Ci4.4.2-CRUD\\app\\Views\\crud.php', 13)
 2 SYSTEMPATH\View\View.php(228): include('E:\\xampp\\htdocs\\Ci4.4.2-CRUD\\app\\Views\\crud.php')
 3 SYSTEMPATH\View\View.php(231): CodeIgniter\View\View->CodeIgniter\View\{closure}()
 4 SYSTEMPATH\Common.php(1190): CodeIgniter\View\View->render('crud', [], true)
 5 APPPATH\Controllers\CrudController.php(19): view('crud', [...])
 6 SYSTEMPATH\CodeIgniter.php(942): App\Controllers\CrudController->index()
 7 SYSTEMPATH\CodeIgniter.php(502): CodeIgniter\CodeIgniter->runController(Object(App\Controllers\CrudController))
 8 SYSTEMPATH\CodeIgniter.php(361): CodeIgniter\CodeIgniter->handleRequest(null, Object(Config\Cache), false)
 9 FCPATH\index.php(79): CodeIgniter\CodeIgniter->run()
CRITICAL - 2023-11-04 12:22:40 --> Attempt to read property "name" on array
in APPPATH\Views\crud.php on line 13.
 1 APPPATH\Views\crud.php(13): CodeIgniter\Debug\Exceptions->errorHandler(2, 'Attempt to read property "name" on array', 'E:\\xampp\\htdocs\\Ci4.4.2-CRUD\\app\\Views\\crud.php', 13)
 2 SYSTEMPATH\View\View.php(228): include('E:\\xampp\\htdocs\\Ci4.4.2-CRUD\\app\\Views\\crud.php')
 3 SYSTEMPATH\View\View.php(231): CodeIgniter\View\View->CodeIgniter\View\{closure}()
 4 SYSTEMPATH\Common.php(1190): CodeIgniter\View\View->render('crud', [], true)
 5 APPPATH\Controllers\CrudController.php(19): view('crud', [...])
 6 SYSTEMPATH\CodeIgniter.php(942): App\Controllers\CrudController->index()
 7 SYSTEMPATH\CodeIgniter.php(502): CodeIgniter\CodeIgniter->runController(Object(App\Controllers\CrudController))
 8 SYSTEMPATH\CodeIgniter.php(361): CodeIgniter\CodeIgniter->handleRequest(null, Object(Config\Cache), false)
 9 FCPATH\index.php(79): CodeIgniter\CodeIgniter->run()
CRITICAL - 2023-11-04 12:22:41 --> Attempt to read property "name" on array
in APPPATH\Views\crud.php on line 13.
 1 APPPATH\Views\crud.php(13): CodeIgniter\Debug\Exceptions->errorHandler(2, 'Attempt to read property "name" on array', 'E:\\xampp\\htdocs\\Ci4.4.2-CRUD\\app\\Views\\crud.php', 13)
 2 SYSTEMPATH\View\View.php(228): include('E:\\xampp\\htdocs\\Ci4.4.2-CRUD\\app\\Views\\crud.php')
 3 SYSTEMPATH\View\View.php(231): CodeIgniter\View\View->CodeIgniter\View\{closure}()
 4 SYSTEMPATH\Common.php(1190): CodeIgniter\View\View->render('crud', [], true)
 5 APPPATH\Controllers\CrudController.php(19): view('crud', [...])
 6 SYSTEMPATH\CodeIgniter.php(942): App\Controllers\CrudController->index()
 7 SYSTEMPATH\CodeIgniter.php(502): CodeIgniter\CodeIgniter->runController(Object(App\Controllers\CrudController))
 8 SYSTEMPATH\CodeIgniter.php(361): CodeIgniter\CodeIgniter->handleRequest(null, Object(Config\Cache), false)
 9 FCPATH\index.php(79): CodeIgniter\CodeIgniter->run()
CRITICAL - 2023-11-04 12:24:03 --> Attempt to read property "name" on array
in APPPATH\Views\crud.php on line 7.
 1 APPPATH\Views\crud.php(7): CodeIgniter\Debug\Exceptions->errorHandler(2, 'Attempt to read property "name" on array', 'E:\\xampp\\htdocs\\Ci4.4.2-CRUD\\app\\Views\\crud.php', 7)
 2 SYSTEMPATH\View\View.php(228): include('E:\\xampp\\htdocs\\Ci4.4.2-CRUD\\app\\Views\\crud.php')
 3 SYSTEMPATH\View\View.php(231): CodeIgniter\View\View->CodeIgniter\View\{closure}()
 4 SYSTEMPATH\Common.php(1190): CodeIgniter\View\View->render('crud', [], true)
 5 APPPATH\Controllers\CrudController.php(19): view('crud', [...])
 6 SYSTEMPATH\CodeIgniter.php(942): App\Controllers\CrudController->index()
 7 SYSTEMPATH\CodeIgniter.php(502): CodeIgniter\CodeIgniter->runController(Object(App\Controllers\CrudController))
 8 SYSTEMPATH\CodeIgniter.php(361): CodeIgniter\CodeIgniter->handleRequest(null, Object(Config\Cache), false)
 9 FCPATH\index.php(79): CodeIgniter\CodeIgniter->run()
CRITICAL - 2023-11-04 12:24:17 --> Undefined array key "name"
in APPPATH\Views\crud.php on line 7.
 1 APPPATH\Views\crud.php(7): CodeIgniter\Debug\Exceptions->errorHandler(2, 'Undefined array key "name"', 'E:\\xampp\\htdocs\\Ci4.4.2-CRUD\\app\\Views\\crud.php', 7)
 2 SYSTEMPATH\View\View.php(228): include('E:\\xampp\\htdocs\\Ci4.4.2-CRUD\\app\\Views\\crud.php')
 3 SYSTEMPATH\View\View.php(231): CodeIgniter\View\View->CodeIgniter\View\{closure}()
 4 SYSTEMPATH\Common.php(1190): CodeIgniter\View\View->render('crud', [], true)
 5 APPPATH\Controllers\CrudController.php(19): view('crud', [...])
 6 SYSTEMPATH\CodeIgniter.php(942): App\Controllers\CrudController->index()
 7 SYSTEMPATH\CodeIgniter.php(502): CodeIgniter\CodeIgniter->runController(Object(App\Controllers\CrudController))
 8 SYSTEMPATH\CodeIgniter.php(361): CodeIgniter\CodeIgniter->handleRequest(null, Object(Config\Cache), false)
 9 FCPATH\index.php(79): CodeIgniter\CodeIgniter->run()
CRITICAL - 2023-11-04 12:24:28 --> Undefined constant "name"
in APPPATH\Views\crud.php on line 7.
 1 SYSTEMPATH\View\View.php(228): include()
 2 SYSTEMPATH\View\View.php(231): CodeIgniter\View\View->CodeIgniter\View\{closure}()
 3 SYSTEMPATH\Common.php(1190): CodeIgniter\View\View->render('crud', [], true)
 4 APPPATH\Controllers\CrudController.php(19): view('crud', [...])
 5 SYSTEMPATH\CodeIgniter.php(942): App\Controllers\CrudController->index()
 6 SYSTEMPATH\CodeIgniter.php(502): CodeIgniter\CodeIgniter->runController(Object(App\Controllers\CrudController))
 7 SYSTEMPATH\CodeIgniter.php(361): CodeIgniter\CodeIgniter->handleRequest(null, Object(Config\Cache), false)
 8 FCPATH\index.php(79): CodeIgniter\CodeIgniter->run()
CRITICAL - 2023-11-04 12:27:17 --> Undefined variable $name
in APPPATH\Views\crud.php on line 8.
 1 APPPATH\Views\crud.php(8): CodeIgniter\Debug\Exceptions->errorHandler(2, 'Undefined variable $name', 'E:\\xampp\\htdocs\\Ci4.4.2-CRUD\\app\\Views\\crud.php', 8)
 2 SYSTEMPATH\View\View.php(228): include('E:\\xampp\\htdocs\\Ci4.4.2-CRUD\\app\\Views\\crud.php')
 3 SYSTEMPATH\View\View.php(231): CodeIgniter\View\View->CodeIgniter\View\{closure}()
 4 SYSTEMPATH\Common.php(1190): CodeIgniter\View\View->render('crud', [], true)
 5 APPPATH\Controllers\CrudController.php(19): view('crud', [...])
 6 SYSTEMPATH\CodeIgniter.php(942): App\Controllers\CrudController->index()
 7 SYSTEMPATH\CodeIgniter.php(502): CodeIgniter\CodeIgniter->runController(Object(App\Controllers\CrudController))
 8 SYSTEMPATH\CodeIgniter.php(361): CodeIgniter\CodeIgniter->handleRequest(null, Object(Config\Cache), false)
 9 FCPATH\index.php(79): CodeIgniter\CodeIgniter->run()
CRITICAL - 2023-11-04 12:27:31 --> Undefined variable $data
in APPPATH\Views\crud.php on line 8.
 1 APPPATH\Views\crud.php(8): CodeIgniter\Debug\Exceptions->errorHandler(2, 'Undefined variable $data', 'E:\\xampp\\htdocs\\Ci4.4.2-CRUD\\app\\Views\\crud.php', 8)
 2 SYSTEMPATH\View\View.php(228): include('E:\\xampp\\htdocs\\Ci4.4.2-CRUD\\app\\Views\\crud.php')
 3 SYSTEMPATH\View\View.php(231): CodeIgniter\View\View->CodeIgniter\View\{closure}()
 4 SYSTEMPATH\Common.php(1190): CodeIgniter\View\View->render('crud', [], true)
 5 APPPATH\Controllers\CrudController.php(19): view('crud', [...])
 6 SYSTEMPATH\CodeIgniter.php(942): App\Controllers\CrudController->index()
 7 SYSTEMPATH\CodeIgniter.php(502): CodeIgniter\CodeIgniter->runController(Object(App\Controllers\CrudController))
 8 SYSTEMPATH\CodeIgniter.php(361): CodeIgniter\CodeIgniter->handleRequest(null, Object(Config\Cache), false)
 9 FCPATH\index.php(79): CodeIgniter\CodeIgniter->run()
CRITICAL - 2023-11-04 12:27:54 --> Undefined variable $data
in APPPATH\Views\crud.php on line 8.
 1 APPPATH\Views\crud.php(8): CodeIgniter\Debug\Exceptions->errorHandler(2, 'Undefined variable $data', 'E:\\xampp\\htdocs\\Ci4.4.2-CRUD\\app\\Views\\crud.php', 8)
 2 SYSTEMPATH\View\View.php(228): include('E:\\xampp\\htdocs\\Ci4.4.2-CRUD\\app\\Views\\crud.php')
 3 SYSTEMPATH\View\View.php(231): CodeIgniter\View\View->CodeIgniter\View\{closure}()
 4 SYSTEMPATH\Common.php(1190): CodeIgniter\View\View->render('crud', [], true)
 5 APPPATH\Controllers\CrudController.php(19): view('crud', [...])
 6 SYSTEMPATH\CodeIgniter.php(942): App\Controllers\CrudController->index()
 7 SYSTEMPATH\CodeIgniter.php(502): CodeIgniter\CodeIgniter->runController(Object(App\Controllers\CrudController))
 8 SYSTEMPATH\CodeIgniter.php(361): CodeIgniter\CodeIgniter->handleRequest(null, Object(Config\Cache), false)
 9 FCPATH\index.php(79): CodeIgniter\CodeIgniter->run()
CRITICAL - 2023-11-04 12:28:06 --> Undefined variable $name
in APPPATH\Views\crud.php on line 8.
 1 APPPATH\Views\crud.php(8): CodeIgniter\Debug\Exceptions->errorHandler(2, 'Undefined variable $name', 'E:\\xampp\\htdocs\\Ci4.4.2-CRUD\\app\\Views\\crud.php', 8)
 2 SYSTEMPATH\View\View.php(228): include('E:\\xampp\\htdocs\\Ci4.4.2-CRUD\\app\\Views\\crud.php')
 3 SYSTEMPATH\View\View.php(231): CodeIgniter\View\View->CodeIgniter\View\{closure}()
 4 SYSTEMPATH\Common.php(1190): CodeIgniter\View\View->render('crud', [], true)
 5 APPPATH\Controllers\CrudController.php(19): view('crud', [...])
 6 SYSTEMPATH\CodeIgniter.php(942): App\Controllers\CrudController->index()
 7 SYSTEMPATH\CodeIgniter.php(502): CodeIgniter\CodeIgniter->runController(Object(App\Controllers\CrudController))
 8 SYSTEMPATH\CodeIgniter.php(361): CodeIgniter\CodeIgniter->handleRequest(null, Object(Config\Cache), false)
 9 FCPATH\index.php(79): CodeIgniter\CodeIgniter->run()
CRITICAL - 2023-11-04 12:31:42 --> Attempt to read property "name" on array
in APPPATH\Views\crud.php on line 11.
 1 APPPATH\Views\crud.php(11): CodeIgniter\Debug\Exceptions->errorHandler(2, 'Attempt to read property "name" on array', 'E:\\xampp\\htdocs\\Ci4.4.2-CRUD\\app\\Views\\crud.php', 11)
 2 SYSTEMPATH\View\View.php(228): include('E:\\xampp\\htdocs\\Ci4.4.2-CRUD\\app\\Views\\crud.php')
 3 SYSTEMPATH\View\View.php(231): CodeIgniter\View\View->CodeIgniter\View\{closure}()
 4 SYSTEMPATH\Common.php(1190): CodeIgniter\View\View->render('crud', [], true)
 5 APPPATH\Controllers\CrudController.php(19): view('crud', [...])
 6 SYSTEMPATH\CodeIgniter.php(942): App\Controllers\CrudController->index()
 7 SYSTEMPATH\CodeIgniter.php(502): CodeIgniter\CodeIgniter->runController(Object(App\Controllers\CrudController))
 8 SYSTEMPATH\CodeIgniter.php(361): CodeIgniter\CodeIgniter->handleRequest(null, Object(Config\Cache), false)
 9 FCPATH\index.php(79): CodeIgniter\CodeIgniter->run()
CRITICAL - 2023-11-04 12:47:12 --> syntax error, unexpected token "foreach"
in APPPATH\Views\crud.php on line 9.
 1 SYSTEMPATH\View\View.php(231): CodeIgniter\View\View->CodeIgniter\View\{closure}()
 2 SYSTEMPATH\Common.php(1190): CodeIgniter\View\View->render('crud', [], true)
 3 APPPATH\Controllers\CrudController.php(19): view('crud', [...])
 4 SYSTEMPATH\CodeIgniter.php(942): App\Controllers\CrudController->index()
 5 SYSTEMPATH\CodeIgniter.php(502): CodeIgniter\CodeIgniter->runController(Object(App\Controllers\CrudController))
 6 SYSTEMPATH\CodeIgniter.php(361): CodeIgniter\CodeIgniter->handleRequest(null, Object(Config\Cache), false)
 7 FCPATH\index.php(79): CodeIgniter\CodeIgniter->run()
CRITICAL - 2023-11-04 12:49:32 --> syntax error, unexpected token "echo"
in APPPATH\Views\crud.php on line 28.
 1 SYSTEMPATH\View\View.php(231): CodeIgniter\View\View->CodeIgniter\View\{closure}()
 2 SYSTEMPATH\Common.php(1190): CodeIgniter\View\View->render('crud', [], true)
 3 APPPATH\Controllers\CrudController.php(19): view('crud', [...])
 4 SYSTEMPATH\CodeIgniter.php(942): App\Controllers\CrudController->index()
 5 SYSTEMPATH\CodeIgniter.php(502): CodeIgniter\CodeIgniter->runController(Object(App\Controllers\CrudController))
 6 SYSTEMPATH\CodeIgniter.php(361): CodeIgniter\CodeIgniter->handleRequest(null, Object(Config\Cache), false)
 7 FCPATH\index.php(79): CodeIgniter\CodeIgniter->run()
CRITICAL - 2023-11-04 13:07:58 --> Allowed fields must be specified for model: "App\Models\CrudModel"
in SYSTEMPATH\Model.php on line 736.
 1 SYSTEMPATH\Model.php(736): CodeIgniter\Database\Exceptions\DataException::forInvalidAllowedFields('App\\Models\\CrudModel')
 2 SYSTEMPATH\BaseModel.php(763): CodeIgniter\Model->doProtectFieldsForInsert([...])
 3 SYSTEMPATH\Model.php(715): CodeIgniter\BaseModel->insert([...], true)
 4 APPPATH\Controllers\CrudController.php(35): CodeIgniter\Model->insert([...])
 5 SYSTEMPATH\CodeIgniter.php(942): App\Controllers\CrudController->create()
 6 SYSTEMPATH\CodeIgniter.php(502): CodeIgniter\CodeIgniter->runController(Object(App\Controllers\CrudController))
 7 SYSTEMPATH\CodeIgniter.php(361): CodeIgniter\CodeIgniter->handleRequest(null, Object(Config\Cache), false)
 8 FCPATH\index.php(79): CodeIgniter\CodeIgniter->run()
CRITICAL - 2023-11-04 13:44:23 --> Undefined variable $singledata
in APPPATH\Views\edit.php on line 11.
 1 APPPATH\Views\edit.php(11): CodeIgniter\Debug\Exceptions->errorHandler(2, 'Undefined variable $singledata', 'E:\\xampp\\htdocs\\Ci4.4.2-CRUD\\app\\Views\\edit.php', 11)
 2 SYSTEMPATH\View\View.php(228): include('E:\\xampp\\htdocs\\Ci4.4.2-CRUD\\app\\Views\\edit.php')
 3 SYSTEMPATH\View\View.php(231): CodeIgniter\View\View->CodeIgniter\View\{closure}()
 4 SYSTEMPATH\Common.php(1190): CodeIgniter\View\View->render('edit', [], true)
 5 APPPATH\Controllers\CrudController.php(54): view('edit', [...])
 6 SYSTEMPATH\CodeIgniter.php(942): App\Controllers\CrudController->singleUserview('1')
 7 SYSTEMPATH\CodeIgniter.php(502): CodeIgniter\CodeIgniter->runController(Object(App\Controllers\CrudController))
 8 SYSTEMPATH\CodeIgniter.php(361): CodeIgniter\CodeIgniter->handleRequest(null, Object(Config\Cache), false)
 9 FCPATH\index.php(79): CodeIgniter\CodeIgniter->run()
CRITICAL - 2023-11-04 13:44:47 --> Undefined variable $singledata
in APPPATH\Views\edit.php on line 11.
 1 APPPATH\Views\edit.php(11): CodeIgniter\Debug\Exceptions->errorHandler(2, 'Undefined variable $singledata', 'E:\\xampp\\htdocs\\Ci4.4.2-CRUD\\app\\Views\\edit.php', 11)
 2 SYSTEMPATH\View\View.php(228): include('E:\\xampp\\htdocs\\Ci4.4.2-CRUD\\app\\Views\\edit.php')
 3 SYSTEMPATH\View\View.php(231): CodeIgniter\View\View->CodeIgniter\View\{closure}()
 4 SYSTEMPATH\Common.php(1190): CodeIgniter\View\View->render('edit', [], true)
 5 APPPATH\Controllers\CrudController.php(54): view('edit', [...])
 6 SYSTEMPATH\CodeIgniter.php(942): App\Controllers\CrudController->singleUserview('1')
 7 SYSTEMPATH\CodeIgniter.php(502): CodeIgniter\CodeIgniter->runController(Object(App\Controllers\CrudController))
 8 SYSTEMPATH\CodeIgniter.php(361): CodeIgniter\CodeIgniter->handleRequest(null, Object(Config\Cache), false)
 9 FCPATH\index.php(79): CodeIgniter\CodeIgniter->run()
CRITICAL - 2023-11-04 13:54:32 --> Updates are not allowed unless they contain a "where" or "like" clause.
in SYSTEMPATH\Model.php on line 380.
 1 SYSTEMPATH\BaseModel.php(949): CodeIgniter\Model->doUpdate(null, [...])
 2 SYSTEMPATH\Model.php(776): CodeIgniter\BaseModel->update(null, [...])
 3 APPPATH\Controllers\CrudController.php(49): CodeIgniter\Model->update(null, [...])
 4 SYSTEMPATH\CodeIgniter.php(942): App\Controllers\CrudController->edit()
 5 SYSTEMPATH\CodeIgniter.php(502): CodeIgniter\CodeIgniter->runController(Object(App\Controllers\CrudController))
 6 SYSTEMPATH\CodeIgniter.php(361): CodeIgniter\CodeIgniter->handleRequest(null, Object(Config\Cache), false)
 7 FCPATH\index.php(79): CodeIgniter\CodeIgniter->run()
CRITICAL - 2023-11-04 13:56:47 --> Too few arguments to function CodeIgniter\BaseModel::save(), 0 passed in E:\xampp\htdocs\Ci4.4.2-CRUD\app\Controllers\CrudController.php on line 50 and exactly 1 expected
in SYSTEMPATH\BaseModel.php on line 689.
 1 APPPATH\Controllers\CrudController.php(50): CodeIgniter\BaseModel->save()
 2 SYSTEMPATH\CodeIgniter.php(942): App\Controllers\CrudController->edit()
 3 SYSTEMPATH\CodeIgniter.php(502): CodeIgniter\CodeIgniter->runController(Object(App\Controllers\CrudController))
 4 SYSTEMPATH\CodeIgniter.php(361): CodeIgniter\CodeIgniter->handleRequest(null, Object(Config\Cache), false)
 5 FCPATH\index.php(79): CodeIgniter\CodeIgniter->run()
CRITICAL - 2023-11-04 13:57:56 --> Updates are not allowed unless they contain a "where" or "like" clause.
in SYSTEMPATH\Model.php on line 380.
 1 SYSTEMPATH\BaseModel.php(949): CodeIgniter\Model->doUpdate(null, [...])
 2 SYSTEMPATH\Model.php(776): CodeIgniter\BaseModel->update(null, [...])
 3 APPPATH\Controllers\CrudController.php(50): CodeIgniter\Model->update(null, [...])
 4 SYSTEMPATH\CodeIgniter.php(942): App\Controllers\CrudController->edit()
 5 SYSTEMPATH\CodeIgniter.php(502): CodeIgniter\CodeIgniter->runController(Object(App\Controllers\CrudController))
 6 SYSTEMPATH\CodeIgniter.php(361): CodeIgniter\CodeIgniter->handleRequest(null, Object(Config\Cache), false)
 7 FCPATH\index.php(79): CodeIgniter\CodeIgniter->run()
