INFO - 2023-11-07 06:38:58 --> Session: Class initialized using 'CodeIgniter\Session\Handlers\FileHandler' driver.
INFO - 2023-11-07 06:40:34 --> Session: Class initialized using 'CodeIgniter\Session\Handlers\FileHandler' driver.
INFO - 2023-11-07 06:40:42 --> Session: Class initialized using 'CodeIgniter\Session\Handlers\FileHandler' driver.
INFO - 2023-11-07 06:40:42 --> Session: Class initialized using 'CodeIgniter\Session\Handlers\FileHandler' driver.
INFO - 2023-11-07 08:40:33 --> Session: Class initialized using 'CodeIgniter\Session\Handlers\FileHandler' driver.
INFO - 2023-11-07 08:40:50 --> Session: Class initialized using 'CodeIgniter\Session\Handlers\FileHandler' driver.
CRITICAL - 2023-11-07 09:03:24 --> preg_match(): Argument #2 ($subject) must be of type string, array given
in SYSTEMPATH\Validation\Validation.php on line 286.
 1 SYSTEMPATH\Validation\Validation.php(286): preg_match('/(.*?)\\[(.*)\\]/', [...], null)
 2 SYSTEMPATH\Validation\Validation.php(197): CodeIgniter\Validation\Validation->processRules('0', '0', null, [...], [...])
 3 SYSTEMPATH\Controller.php(152): CodeIgniter\Validation\Validation->run()
 4 APPPATH\Controllers\CrudController.php(48): CodeIgniter\Controller->validate([...])
 5 SYSTEMPATH\CodeIgniter.php(942): App\Controllers\CrudController->create()
 6 SYSTEMPATH\CodeIgniter.php(502): CodeIgniter\CodeIgniter->runController(Object(App\Controllers\CrudController))
 7 SYSTEMPATH\CodeIgniter.php(361): CodeIgniter\CodeIgniter->handleRequest(null, Object(Config\Cache), false)
 8 FCPATH\index.php(79): CodeIgniter\CodeIgniter->run()
CRITICAL - 2023-11-07 09:03:33 --> preg_match(): Argument #2 ($subject) must be of type string, array given
in SYSTEMPATH\Validation\Validation.php on line 286.
 1 SYSTEMPATH\Validation\Validation.php(286): preg_match('/(.*?)\\[(.*)\\]/', [...], null)
 2 SYSTEMPATH\Validation\Validation.php(197): CodeIgniter\Validation\Validation->processRules('0', '0', null, [...], [...])
 3 SYSTEMPATH\Controller.php(152): CodeIgniter\Validation\Validation->run()
 4 APPPATH\Controllers\CrudController.php(48): CodeIgniter\Controller->validate([...])
 5 SYSTEMPATH\CodeIgniter.php(942): App\Controllers\CrudController->create()
 6 SYSTEMPATH\CodeIgniter.php(502): CodeIgniter\CodeIgniter->runController(Object(App\Controllers\CrudController))
 7 SYSTEMPATH\CodeIgniter.php(361): CodeIgniter\CodeIgniter->handleRequest(null, Object(Config\Cache), false)
 8 FCPATH\index.php(79): CodeIgniter\CodeIgniter->run()
CRITICAL - 2023-11-07 09:03:37 --> preg_match(): Argument #2 ($subject) must be of type string, array given
in SYSTEMPATH\Validation\Validation.php on line 286.
 1 SYSTEMPATH\Validation\Validation.php(286): preg_match('/(.*?)\\[(.*)\\]/', [...], null)
 2 SYSTEMPATH\Validation\Validation.php(197): CodeIgniter\Validation\Validation->processRules('0', '0', null, [...], [...])
 3 SYSTEMPATH\Controller.php(152): CodeIgniter\Validation\Validation->run()
 4 APPPATH\Controllers\CrudController.php(48): CodeIgniter\Controller->validate([...])
 5 SYSTEMPATH\CodeIgniter.php(942): App\Controllers\CrudController->create()
 6 SYSTEMPATH\CodeIgniter.php(502): CodeIgniter\CodeIgniter->runController(Object(App\Controllers\CrudController))
 7 SYSTEMPATH\CodeIgniter.php(361): CodeIgniter\CodeIgniter->handleRequest(null, Object(Config\Cache), false)
 8 FCPATH\index.php(79): CodeIgniter\CodeIgniter->run()
CRITICAL - 2023-11-07 09:10:49 --> CodeIgniter\Validation\Validation::setRules(): Argument #1 ($rules) must be of type array, CodeIgniter\Validation\Validation given, called in E:\xampp\htdocs\Ci4.4.2-CRUD\system\Controller.php on line 196
in SYSTEMPATH\Validation\Validation.php on line 555.
 1 SYSTEMPATH\Controller.php(196): CodeIgniter\Validation\Validation->setRules(Object(CodeIgniter\Validation\Validation), [])
 2 SYSTEMPATH\Controller.php(150): CodeIgniter\Controller->setValidator(Object(CodeIgniter\Validation\Validation), [])
 3 APPPATH\Controllers\CrudController.php(57): CodeIgniter\Controller->validate(Object(CodeIgniter\Validation\Validation))
 4 SYSTEMPATH\CodeIgniter.php(942): App\Controllers\CrudController->create()
 5 SYSTEMPATH\CodeIgniter.php(502): CodeIgniter\CodeIgniter->runController(Object(App\Controllers\CrudController))
 6 SYSTEMPATH\CodeIgniter.php(361): CodeIgniter\CodeIgniter->handleRequest(null, Object(Config\Cache), false)
 7 FCPATH\index.php(79): CodeIgniter\CodeIgniter->run()
CRITICAL - 2023-11-07 09:12:32 --> preg_match(): Argument #2 ($subject) must be of type string, array given
in SYSTEMPATH\Validation\Validation.php on line 286.
 1 SYSTEMPATH\Validation\Validation.php(286): preg_match('/(.*?)\\[(.*)\\]/', [...], null)
 2 SYSTEMPATH\Validation\Validation.php(197): CodeIgniter\Validation\Validation->processRules('0', '0', null, [...], [...])
 3 SYSTEMPATH\Controller.php(152): CodeIgniter\Validation\Validation->run()
 4 APPPATH\Controllers\CrudController.php(45): CodeIgniter\Controller->validate([...])
 5 SYSTEMPATH\CodeIgniter.php(942): App\Controllers\CrudController->create()
 6 SYSTEMPATH\CodeIgniter.php(502): CodeIgniter\CodeIgniter->runController(Object(App\Controllers\CrudController))
 7 SYSTEMPATH\CodeIgniter.php(361): CodeIgniter\CodeIgniter->handleRequest(null, Object(Config\Cache), false)
 8 FCPATH\index.php(79): CodeIgniter\CodeIgniter->run()
CRITICAL - 2023-11-07 10:14:47 --> CodeIgniter\Validation\StrictRules\Rules::is_unique(): Argument #2 ($field) must be of type string, null given, called in E:\xampp\htdocs\Ci4.4.2-CRUD\system\Validation\Validation.php on line 310
in SYSTEMPATH\Validation\StrictRules\Rules.php on line 181.
 1 SYSTEMPATH\Validation\Validation.php(310): CodeIgniter\Validation\StrictRules\Rules->is_unique('test', null)
 2 SYSTEMPATH\Validation\Validation.php(197): CodeIgniter\Validation\Validation->processRules('name', 'name', 'test', [...], [...])
 3 SYSTEMPATH\Controller.php(152): CodeIgniter\Validation\Validation->run()
 4 APPPATH\Controllers\CrudController.php(50): CodeIgniter\Controller->validate([...])
 5 SYSTEMPATH\CodeIgniter.php(942): App\Controllers\CrudController->create()
 6 SYSTEMPATH\CodeIgniter.php(502): CodeIgniter\CodeIgniter->runController(Object(App\Controllers\CrudController))
 7 SYSTEMPATH\CodeIgniter.php(361): CodeIgniter\CodeIgniter->handleRequest(null, Object(Config\Cache), false)
 8 FCPATH\index.php(79): CodeIgniter\CodeIgniter->run()
INFO - 2023-11-07 10:15:35 --> Session: Class initialized using 'CodeIgniter\Session\Handlers\FileHandler' driver.
CRITICAL - 2023-11-07 10:15:37 --> Call to undefined function set_value()
in APPPATH\Views\Crudviews\add.php on line 11.
 1 SYSTEMPATH\View\View.php(228): include()
 2 SYSTEMPATH\View\View.php(231): CodeIgniter\View\View->CodeIgniter\View\{closure}()
 3 SYSTEMPATH\Common.php(1190): CodeIgniter\View\View->render('crudviews/add', [], true)
 4 APPPATH\Controllers\CrudController.php(26): view('crudviews/add')
 5 SYSTEMPATH\CodeIgniter.php(942): App\Controllers\CrudController->add()
 6 SYSTEMPATH\CodeIgniter.php(502): CodeIgniter\CodeIgniter->runController(Object(App\Controllers\CrudController))
 7 SYSTEMPATH\CodeIgniter.php(361): CodeIgniter\CodeIgniter->handleRequest(null, Object(Config\Cache), false)
 8 FCPATH\index.php(79): CodeIgniter\CodeIgniter->run()
CRITICAL - 2023-11-07 10:16:46 --> Call to undefined function set_value()
in APPPATH\Views\Crudviews\add.php on line 11.
 1 SYSTEMPATH\View\View.php(228): include()
 2 SYSTEMPATH\View\View.php(231): CodeIgniter\View\View->CodeIgniter\View\{closure}()
 3 SYSTEMPATH\Common.php(1190): CodeIgniter\View\View->render('crudviews/add', [], true)
 4 APPPATH\Controllers\CrudController.php(26): view('crudviews/add')
 5 SYSTEMPATH\CodeIgniter.php(942): App\Controllers\CrudController->add()
 6 SYSTEMPATH\CodeIgniter.php(502): CodeIgniter\CodeIgniter->runController(Object(App\Controllers\CrudController))
 7 SYSTEMPATH\CodeIgniter.php(361): CodeIgniter\CodeIgniter->handleRequest(null, Object(Config\Cache), false)
 8 FCPATH\index.php(79): CodeIgniter\CodeIgniter->run()
CRITICAL - 2023-11-07 10:16:47 --> Call to undefined function set_value()
in APPPATH\Views\Crudviews\add.php on line 11.
 1 SYSTEMPATH\View\View.php(228): include()
 2 SYSTEMPATH\View\View.php(231): CodeIgniter\View\View->CodeIgniter\View\{closure}()
 3 SYSTEMPATH\Common.php(1190): CodeIgniter\View\View->render('crudviews/add', [], true)
 4 APPPATH\Controllers\CrudController.php(26): view('crudviews/add')
 5 SYSTEMPATH\CodeIgniter.php(942): App\Controllers\CrudController->add()
 6 SYSTEMPATH\CodeIgniter.php(502): CodeIgniter\CodeIgniter->runController(Object(App\Controllers\CrudController))
 7 SYSTEMPATH\CodeIgniter.php(361): CodeIgniter\CodeIgniter->handleRequest(null, Object(Config\Cache), false)
 8 FCPATH\index.php(79): CodeIgniter\CodeIgniter->run()
CRITICAL - 2023-11-07 10:16:47 --> Call to undefined function set_value()
in APPPATH\Views\Crudviews\add.php on line 11.
 1 SYSTEMPATH\View\View.php(228): include()
 2 SYSTEMPATH\View\View.php(231): CodeIgniter\View\View->CodeIgniter\View\{closure}()
 3 SYSTEMPATH\Common.php(1190): CodeIgniter\View\View->render('crudviews/add', [], true)
 4 APPPATH\Controllers\CrudController.php(26): view('crudviews/add')
 5 SYSTEMPATH\CodeIgniter.php(942): App\Controllers\CrudController->add()
 6 SYSTEMPATH\CodeIgniter.php(502): CodeIgniter\CodeIgniter->runController(Object(App\Controllers\CrudController))
 7 SYSTEMPATH\CodeIgniter.php(361): CodeIgniter\CodeIgniter->handleRequest(null, Object(Config\Cache), false)
 8 FCPATH\index.php(79): CodeIgniter\CodeIgniter->run()
CRITICAL - 2023-11-07 10:16:47 --> Call to undefined function set_value()
in APPPATH\Views\Crudviews\add.php on line 11.
 1 SYSTEMPATH\View\View.php(228): include()
 2 SYSTEMPATH\View\View.php(231): CodeIgniter\View\View->CodeIgniter\View\{closure}()
 3 SYSTEMPATH\Common.php(1190): CodeIgniter\View\View->render('crudviews/add', [], true)
 4 APPPATH\Controllers\CrudController.php(26): view('crudviews/add')
 5 SYSTEMPATH\CodeIgniter.php(942): App\Controllers\CrudController->add()
 6 SYSTEMPATH\CodeIgniter.php(502): CodeIgniter\CodeIgniter->runController(Object(App\Controllers\CrudController))
 7 SYSTEMPATH\CodeIgniter.php(361): CodeIgniter\CodeIgniter->handleRequest(null, Object(Config\Cache), false)
 8 FCPATH\index.php(79): CodeIgniter\CodeIgniter->run()
CRITICAL - 2023-11-07 10:16:47 --> Call to undefined function set_value()
in APPPATH\Views\Crudviews\add.php on line 11.
 1 SYSTEMPATH\View\View.php(228): include()
 2 SYSTEMPATH\View\View.php(231): CodeIgniter\View\View->CodeIgniter\View\{closure}()
 3 SYSTEMPATH\Common.php(1190): CodeIgniter\View\View->render('crudviews/add', [], true)
 4 APPPATH\Controllers\CrudController.php(26): view('crudviews/add')
 5 SYSTEMPATH\CodeIgniter.php(942): App\Controllers\CrudController->add()
 6 SYSTEMPATH\CodeIgniter.php(502): CodeIgniter\CodeIgniter->runController(Object(App\Controllers\CrudController))
 7 SYSTEMPATH\CodeIgniter.php(361): CodeIgniter\CodeIgniter->handleRequest(null, Object(Config\Cache), false)
 8 FCPATH\index.php(79): CodeIgniter\CodeIgniter->run()
CRITICAL - 2023-11-07 10:16:47 --> Call to undefined function set_value()
in APPPATH\Views\Crudviews\add.php on line 11.
 1 SYSTEMPATH\View\View.php(228): include()
 2 SYSTEMPATH\View\View.php(231): CodeIgniter\View\View->CodeIgniter\View\{closure}()
 3 SYSTEMPATH\Common.php(1190): CodeIgniter\View\View->render('crudviews/add', [], true)
 4 APPPATH\Controllers\CrudController.php(26): view('crudviews/add')
 5 SYSTEMPATH\CodeIgniter.php(942): App\Controllers\CrudController->add()
 6 SYSTEMPATH\CodeIgniter.php(502): CodeIgniter\CodeIgniter->runController(Object(App\Controllers\CrudController))
 7 SYSTEMPATH\CodeIgniter.php(361): CodeIgniter\CodeIgniter->handleRequest(null, Object(Config\Cache), false)
 8 FCPATH\index.php(79): CodeIgniter\CodeIgniter->run()
CRITICAL - 2023-11-07 10:16:47 --> Call to undefined function set_value()
in APPPATH\Views\Crudviews\add.php on line 11.
 1 SYSTEMPATH\View\View.php(228): include()
 2 SYSTEMPATH\View\View.php(231): CodeIgniter\View\View->CodeIgniter\View\{closure}()
 3 SYSTEMPATH\Common.php(1190): CodeIgniter\View\View->render('crudviews/add', [], true)
 4 APPPATH\Controllers\CrudController.php(26): view('crudviews/add')
 5 SYSTEMPATH\CodeIgniter.php(942): App\Controllers\CrudController->add()
 6 SYSTEMPATH\CodeIgniter.php(502): CodeIgniter\CodeIgniter->runController(Object(App\Controllers\CrudController))
 7 SYSTEMPATH\CodeIgniter.php(361): CodeIgniter\CodeIgniter->handleRequest(null, Object(Config\Cache), false)
 8 FCPATH\index.php(79): CodeIgniter\CodeIgniter->run()
CRITICAL - 2023-11-07 10:16:48 --> Call to undefined function set_value()
in APPPATH\Views\Crudviews\add.php on line 11.
 1 SYSTEMPATH\View\View.php(228): include()
 2 SYSTEMPATH\View\View.php(231): CodeIgniter\View\View->CodeIgniter\View\{closure}()
 3 SYSTEMPATH\Common.php(1190): CodeIgniter\View\View->render('crudviews/add', [], true)
 4 APPPATH\Controllers\CrudController.php(26): view('crudviews/add')
 5 SYSTEMPATH\CodeIgniter.php(942): App\Controllers\CrudController->add()
 6 SYSTEMPATH\CodeIgniter.php(502): CodeIgniter\CodeIgniter->runController(Object(App\Controllers\CrudController))
 7 SYSTEMPATH\CodeIgniter.php(361): CodeIgniter\CodeIgniter->handleRequest(null, Object(Config\Cache), false)
 8 FCPATH\index.php(79): CodeIgniter\CodeIgniter->run()
CRITICAL - 2023-11-07 10:17:17 --> Call to undefined function set_value()
in APPPATH\Views\Crudviews\add.php on line 11.
 1 SYSTEMPATH\View\View.php(228): include()
 2 SYSTEMPATH\View\View.php(231): CodeIgniter\View\View->CodeIgniter\View\{closure}()
 3 SYSTEMPATH\Common.php(1190): CodeIgniter\View\View->render('crudviews/add', [], true)
 4 APPPATH\Controllers\CrudController.php(26): view('crudviews/add')
 5 SYSTEMPATH\CodeIgniter.php(942): App\Controllers\CrudController->add()
 6 SYSTEMPATH\CodeIgniter.php(502): CodeIgniter\CodeIgniter->runController(Object(App\Controllers\CrudController))
 7 SYSTEMPATH\CodeIgniter.php(361): CodeIgniter\CodeIgniter->handleRequest(null, Object(Config\Cache), false)
 8 FCPATH\index.php(79): CodeIgniter\CodeIgniter->run()
CRITICAL - 2023-11-07 10:17:18 --> Call to undefined function set_value()
in APPPATH\Views\Crudviews\add.php on line 11.
 1 SYSTEMPATH\View\View.php(228): include()
 2 SYSTEMPATH\View\View.php(231): CodeIgniter\View\View->CodeIgniter\View\{closure}()
 3 SYSTEMPATH\Common.php(1190): CodeIgniter\View\View->render('crudviews/add', [], true)
 4 APPPATH\Controllers\CrudController.php(26): view('crudviews/add')
 5 SYSTEMPATH\CodeIgniter.php(942): App\Controllers\CrudController->add()
 6 SYSTEMPATH\CodeIgniter.php(502): CodeIgniter\CodeIgniter->runController(Object(App\Controllers\CrudController))
 7 SYSTEMPATH\CodeIgniter.php(361): CodeIgniter\CodeIgniter->handleRequest(null, Object(Config\Cache), false)
 8 FCPATH\index.php(79): CodeIgniter\CodeIgniter->run()
CRITICAL - 2023-11-07 10:17:18 --> Call to undefined function set_value()
in APPPATH\Views\Crudviews\add.php on line 11.
 1 SYSTEMPATH\View\View.php(228): include()
 2 SYSTEMPATH\View\View.php(231): CodeIgniter\View\View->CodeIgniter\View\{closure}()
 3 SYSTEMPATH\Common.php(1190): CodeIgniter\View\View->render('crudviews/add', [], true)
 4 APPPATH\Controllers\CrudController.php(26): view('crudviews/add')
 5 SYSTEMPATH\CodeIgniter.php(942): App\Controllers\CrudController->add()
 6 SYSTEMPATH\CodeIgniter.php(502): CodeIgniter\CodeIgniter->runController(Object(App\Controllers\CrudController))
 7 SYSTEMPATH\CodeIgniter.php(361): CodeIgniter\CodeIgniter->handleRequest(null, Object(Config\Cache), false)
 8 FCPATH\index.php(79): CodeIgniter\CodeIgniter->run()
CRITICAL - 2023-11-07 10:17:18 --> Call to undefined function set_value()
in APPPATH\Views\Crudviews\add.php on line 11.
 1 SYSTEMPATH\View\View.php(228): include()
 2 SYSTEMPATH\View\View.php(231): CodeIgniter\View\View->CodeIgniter\View\{closure}()
 3 SYSTEMPATH\Common.php(1190): CodeIgniter\View\View->render('crudviews/add', [], true)
 4 APPPATH\Controllers\CrudController.php(26): view('crudviews/add')
 5 SYSTEMPATH\CodeIgniter.php(942): App\Controllers\CrudController->add()
 6 SYSTEMPATH\CodeIgniter.php(502): CodeIgniter\CodeIgniter->runController(Object(App\Controllers\CrudController))
 7 SYSTEMPATH\CodeIgniter.php(361): CodeIgniter\CodeIgniter->handleRequest(null, Object(Config\Cache), false)
 8 FCPATH\index.php(79): CodeIgniter\CodeIgniter->run()
CRITICAL - 2023-11-07 10:17:18 --> Call to undefined function set_value()
in APPPATH\Views\Crudviews\add.php on line 11.
 1 SYSTEMPATH\View\View.php(228): include()
 2 SYSTEMPATH\View\View.php(231): CodeIgniter\View\View->CodeIgniter\View\{closure}()
 3 SYSTEMPATH\Common.php(1190): CodeIgniter\View\View->render('crudviews/add', [], true)
 4 APPPATH\Controllers\CrudController.php(26): view('crudviews/add')
 5 SYSTEMPATH\CodeIgniter.php(942): App\Controllers\CrudController->add()
 6 SYSTEMPATH\CodeIgniter.php(502): CodeIgniter\CodeIgniter->runController(Object(App\Controllers\CrudController))
 7 SYSTEMPATH\CodeIgniter.php(361): CodeIgniter\CodeIgniter->handleRequest(null, Object(Config\Cache), false)
 8 FCPATH\index.php(79): CodeIgniter\CodeIgniter->run()
CRITICAL - 2023-11-07 10:17:19 --> Call to undefined function set_value()
in APPPATH\Views\Crudviews\add.php on line 11.
 1 SYSTEMPATH\View\View.php(228): include()
 2 SYSTEMPATH\View\View.php(231): CodeIgniter\View\View->CodeIgniter\View\{closure}()
 3 SYSTEMPATH\Common.php(1190): CodeIgniter\View\View->render('crudviews/add', [], true)
 4 APPPATH\Controllers\CrudController.php(26): view('crudviews/add')
 5 SYSTEMPATH\CodeIgniter.php(942): App\Controllers\CrudController->add()
 6 SYSTEMPATH\CodeIgniter.php(502): CodeIgniter\CodeIgniter->runController(Object(App\Controllers\CrudController))
 7 SYSTEMPATH\CodeIgniter.php(361): CodeIgniter\CodeIgniter->handleRequest(null, Object(Config\Cache), false)
 8 FCPATH\index.php(79): CodeIgniter\CodeIgniter->run()
CRITICAL - 2023-11-07 10:17:19 --> Call to undefined function set_value()
in APPPATH\Views\Crudviews\add.php on line 11.
 1 SYSTEMPATH\View\View.php(228): include()
 2 SYSTEMPATH\View\View.php(231): CodeIgniter\View\View->CodeIgniter\View\{closure}()
 3 SYSTEMPATH\Common.php(1190): CodeIgniter\View\View->render('crudviews/add', [], true)
 4 APPPATH\Controllers\CrudController.php(26): view('crudviews/add')
 5 SYSTEMPATH\CodeIgniter.php(942): App\Controllers\CrudController->add()
 6 SYSTEMPATH\CodeIgniter.php(502): CodeIgniter\CodeIgniter->runController(Object(App\Controllers\CrudController))
 7 SYSTEMPATH\CodeIgniter.php(361): CodeIgniter\CodeIgniter->handleRequest(null, Object(Config\Cache), false)
 8 FCPATH\index.php(79): CodeIgniter\CodeIgniter->run()
CRITICAL - 2023-11-07 10:17:20 --> Call to undefined function set_value()
in APPPATH\Views\Crudviews\add.php on line 11.
 1 SYSTEMPATH\View\View.php(228): include()
 2 SYSTEMPATH\View\View.php(231): CodeIgniter\View\View->CodeIgniter\View\{closure}()
 3 SYSTEMPATH\Common.php(1190): CodeIgniter\View\View->render('crudviews/add', [], true)
 4 APPPATH\Controllers\CrudController.php(26): view('crudviews/add')
 5 SYSTEMPATH\CodeIgniter.php(942): App\Controllers\CrudController->add()
 6 SYSTEMPATH\CodeIgniter.php(502): CodeIgniter\CodeIgniter->runController(Object(App\Controllers\CrudController))
 7 SYSTEMPATH\CodeIgniter.php(361): CodeIgniter\CodeIgniter->handleRequest(null, Object(Config\Cache), false)
 8 FCPATH\index.php(79): CodeIgniter\CodeIgniter->run()
CRITICAL - 2023-11-07 10:17:45 --> Call to undefined function set_value()
in APPPATH\Views\Crudviews\add.php on line 20.
 1 SYSTEMPATH\View\View.php(228): include()
 2 SYSTEMPATH\View\View.php(231): CodeIgniter\View\View->CodeIgniter\View\{closure}()
 3 SYSTEMPATH\Common.php(1190): CodeIgniter\View\View->render('crudviews/add', [], true)
 4 APPPATH\Controllers\CrudController.php(26): view('crudviews/add')
 5 SYSTEMPATH\CodeIgniter.php(942): App\Controllers\CrudController->add()
 6 SYSTEMPATH\CodeIgniter.php(502): CodeIgniter\CodeIgniter->runController(Object(App\Controllers\CrudController))
 7 SYSTEMPATH\CodeIgniter.php(361): CodeIgniter\CodeIgniter->handleRequest(null, Object(Config\Cache), false)
 8 FCPATH\index.php(79): CodeIgniter\CodeIgniter->run()
CRITICAL - 2023-11-07 10:17:46 --> Call to undefined function set_value()
in APPPATH\Views\Crudviews\add.php on line 20.
 1 SYSTEMPATH\View\View.php(228): include()
 2 SYSTEMPATH\View\View.php(231): CodeIgniter\View\View->CodeIgniter\View\{closure}()
 3 SYSTEMPATH\Common.php(1190): CodeIgniter\View\View->render('crudviews/add', [], true)
 4 APPPATH\Controllers\CrudController.php(26): view('crudviews/add')
 5 SYSTEMPATH\CodeIgniter.php(942): App\Controllers\CrudController->add()
 6 SYSTEMPATH\CodeIgniter.php(502): CodeIgniter\CodeIgniter->runController(Object(App\Controllers\CrudController))
 7 SYSTEMPATH\CodeIgniter.php(361): CodeIgniter\CodeIgniter->handleRequest(null, Object(Config\Cache), false)
 8 FCPATH\index.php(79): CodeIgniter\CodeIgniter->run()
CRITICAL - 2023-11-07 10:17:47 --> Call to undefined function set_value()
in APPPATH\Views\Crudviews\add.php on line 20.
 1 SYSTEMPATH\View\View.php(228): include()
 2 SYSTEMPATH\View\View.php(231): CodeIgniter\View\View->CodeIgniter\View\{closure}()
 3 SYSTEMPATH\Common.php(1190): CodeIgniter\View\View->render('crudviews/add', [], true)
 4 APPPATH\Controllers\CrudController.php(26): view('crudviews/add')
 5 SYSTEMPATH\CodeIgniter.php(942): App\Controllers\CrudController->add()
 6 SYSTEMPATH\CodeIgniter.php(502): CodeIgniter\CodeIgniter->runController(Object(App\Controllers\CrudController))
 7 SYSTEMPATH\CodeIgniter.php(361): CodeIgniter\CodeIgniter->handleRequest(null, Object(Config\Cache), false)
 8 FCPATH\index.php(79): CodeIgniter\CodeIgniter->run()
CRITICAL - 2023-11-07 10:17:47 --> Call to undefined function set_value()
in APPPATH\Views\Crudviews\add.php on line 20.
 1 SYSTEMPATH\View\View.php(228): include()
 2 SYSTEMPATH\View\View.php(231): CodeIgniter\View\View->CodeIgniter\View\{closure}()
 3 SYSTEMPATH\Common.php(1190): CodeIgniter\View\View->render('crudviews/add', [], true)
 4 APPPATH\Controllers\CrudController.php(26): view('crudviews/add')
 5 SYSTEMPATH\CodeIgniter.php(942): App\Controllers\CrudController->add()
 6 SYSTEMPATH\CodeIgniter.php(502): CodeIgniter\CodeIgniter->runController(Object(App\Controllers\CrudController))
 7 SYSTEMPATH\CodeIgniter.php(361): CodeIgniter\CodeIgniter->handleRequest(null, Object(Config\Cache), false)
 8 FCPATH\index.php(79): CodeIgniter\CodeIgniter->run()
CRITICAL - 2023-11-07 10:17:47 --> Call to undefined function set_value()
in APPPATH\Views\Crudviews\add.php on line 20.
 1 SYSTEMPATH\View\View.php(228): include()
 2 SYSTEMPATH\View\View.php(231): CodeIgniter\View\View->CodeIgniter\View\{closure}()
 3 SYSTEMPATH\Common.php(1190): CodeIgniter\View\View->render('crudviews/add', [], true)
 4 APPPATH\Controllers\CrudController.php(26): view('crudviews/add')
 5 SYSTEMPATH\CodeIgniter.php(942): App\Controllers\CrudController->add()
 6 SYSTEMPATH\CodeIgniter.php(502): CodeIgniter\CodeIgniter->runController(Object(App\Controllers\CrudController))
 7 SYSTEMPATH\CodeIgniter.php(361): CodeIgniter\CodeIgniter->handleRequest(null, Object(Config\Cache), false)
 8 FCPATH\index.php(79): CodeIgniter\CodeIgniter->run()
CRITICAL - 2023-11-07 10:17:47 --> Call to undefined function set_value()
in APPPATH\Views\Crudviews\add.php on line 20.
 1 SYSTEMPATH\View\View.php(228): include()
 2 SYSTEMPATH\View\View.php(231): CodeIgniter\View\View->CodeIgniter\View\{closure}()
 3 SYSTEMPATH\Common.php(1190): CodeIgniter\View\View->render('crudviews/add', [], true)
 4 APPPATH\Controllers\CrudController.php(26): view('crudviews/add')
 5 SYSTEMPATH\CodeIgniter.php(942): App\Controllers\CrudController->add()
 6 SYSTEMPATH\CodeIgniter.php(502): CodeIgniter\CodeIgniter->runController(Object(App\Controllers\CrudController))
 7 SYSTEMPATH\CodeIgniter.php(361): CodeIgniter\CodeIgniter->handleRequest(null, Object(Config\Cache), false)
 8 FCPATH\index.php(79): CodeIgniter\CodeIgniter->run()
CRITICAL - 2023-11-07 10:17:47 --> Call to undefined function set_value()
in APPPATH\Views\Crudviews\add.php on line 20.
 1 SYSTEMPATH\View\View.php(228): include()
 2 SYSTEMPATH\View\View.php(231): CodeIgniter\View\View->CodeIgniter\View\{closure}()
 3 SYSTEMPATH\Common.php(1190): CodeIgniter\View\View->render('crudviews/add', [], true)
 4 APPPATH\Controllers\CrudController.php(26): view('crudviews/add')
 5 SYSTEMPATH\CodeIgniter.php(942): App\Controllers\CrudController->add()
 6 SYSTEMPATH\CodeIgniter.php(502): CodeIgniter\CodeIgniter->runController(Object(App\Controllers\CrudController))
 7 SYSTEMPATH\CodeIgniter.php(361): CodeIgniter\CodeIgniter->handleRequest(null, Object(Config\Cache), false)
 8 FCPATH\index.php(79): CodeIgniter\CodeIgniter->run()
CRITICAL - 2023-11-07 10:17:48 --> Call to undefined function set_value()
in APPPATH\Views\Crudviews\add.php on line 20.
 1 SYSTEMPATH\View\View.php(228): include()
 2 SYSTEMPATH\View\View.php(231): CodeIgniter\View\View->CodeIgniter\View\{closure}()
 3 SYSTEMPATH\Common.php(1190): CodeIgniter\View\View->render('crudviews/add', [], true)
 4 APPPATH\Controllers\CrudController.php(26): view('crudviews/add')
 5 SYSTEMPATH\CodeIgniter.php(942): App\Controllers\CrudController->add()
 6 SYSTEMPATH\CodeIgniter.php(502): CodeIgniter\CodeIgniter->runController(Object(App\Controllers\CrudController))
 7 SYSTEMPATH\CodeIgniter.php(361): CodeIgniter\CodeIgniter->handleRequest(null, Object(Config\Cache), false)
 8 FCPATH\index.php(79): CodeIgniter\CodeIgniter->run()
CRITICAL - 2023-11-07 10:18:20 --> Call to undefined function set_value()
in APPPATH\Views\Crudviews\add.php on line 20.
 1 SYSTEMPATH\View\View.php(228): include()
 2 SYSTEMPATH\View\View.php(231): CodeIgniter\View\View->CodeIgniter\View\{closure}()
 3 SYSTEMPATH\Common.php(1190): CodeIgniter\View\View->render('crudviews/add', [], true)
 4 APPPATH\Controllers\CrudController.php(26): view('crudviews/add')
 5 SYSTEMPATH\CodeIgniter.php(942): App\Controllers\CrudController->add()
 6 SYSTEMPATH\CodeIgniter.php(502): CodeIgniter\CodeIgniter->runController(Object(App\Controllers\CrudController))
 7 SYSTEMPATH\CodeIgniter.php(361): CodeIgniter\CodeIgniter->handleRequest(null, Object(Config\Cache), false)
 8 FCPATH\index.php(79): CodeIgniter\CodeIgniter->run()
CRITICAL - 2023-11-07 10:18:20 --> Call to undefined function set_value()
in APPPATH\Views\Crudviews\add.php on line 20.
 1 SYSTEMPATH\View\View.php(228): include()
 2 SYSTEMPATH\View\View.php(231): CodeIgniter\View\View->CodeIgniter\View\{closure}()
 3 SYSTEMPATH\Common.php(1190): CodeIgniter\View\View->render('crudviews/add', [], true)
 4 APPPATH\Controllers\CrudController.php(26): view('crudviews/add')
 5 SYSTEMPATH\CodeIgniter.php(942): App\Controllers\CrudController->add()
 6 SYSTEMPATH\CodeIgniter.php(502): CodeIgniter\CodeIgniter->runController(Object(App\Controllers\CrudController))
 7 SYSTEMPATH\CodeIgniter.php(361): CodeIgniter\CodeIgniter->handleRequest(null, Object(Config\Cache), false)
 8 FCPATH\index.php(79): CodeIgniter\CodeIgniter->run()
CRITICAL - 2023-11-07 10:18:21 --> Call to undefined function set_value()
in APPPATH\Views\Crudviews\add.php on line 20.
 1 SYSTEMPATH\View\View.php(228): include()
 2 SYSTEMPATH\View\View.php(231): CodeIgniter\View\View->CodeIgniter\View\{closure}()
 3 SYSTEMPATH\Common.php(1190): CodeIgniter\View\View->render('crudviews/add', [], true)
 4 APPPATH\Controllers\CrudController.php(26): view('crudviews/add')
 5 SYSTEMPATH\CodeIgniter.php(942): App\Controllers\CrudController->add()
 6 SYSTEMPATH\CodeIgniter.php(502): CodeIgniter\CodeIgniter->runController(Object(App\Controllers\CrudController))
 7 SYSTEMPATH\CodeIgniter.php(361): CodeIgniter\CodeIgniter->handleRequest(null, Object(Config\Cache), false)
 8 FCPATH\index.php(79): CodeIgniter\CodeIgniter->run()
CRITICAL - 2023-11-07 10:18:57 --> Call to undefined function set_value()
in APPPATH\Views\Crudviews\add.php on line 20.
 1 SYSTEMPATH\View\View.php(228): include()
 2 SYSTEMPATH\View\View.php(231): CodeIgniter\View\View->CodeIgniter\View\{closure}()
 3 SYSTEMPATH\Common.php(1190): CodeIgniter\View\View->render('crudviews/add', [], true)
 4 APPPATH\Controllers\CrudController.php(26): view('crudviews/add')
 5 SYSTEMPATH\CodeIgniter.php(942): App\Controllers\CrudController->add()
 6 SYSTEMPATH\CodeIgniter.php(502): CodeIgniter\CodeIgniter->runController(Object(App\Controllers\CrudController))
 7 SYSTEMPATH\CodeIgniter.php(361): CodeIgniter\CodeIgniter->handleRequest(null, Object(Config\Cache), false)
 8 FCPATH\index.php(79): CodeIgniter\CodeIgniter->run()
CRITICAL - 2023-11-07 10:18:58 --> Call to undefined function set_value()
in APPPATH\Views\Crudviews\add.php on line 20.
 1 SYSTEMPATH\View\View.php(228): include()
 2 SYSTEMPATH\View\View.php(231): CodeIgniter\View\View->CodeIgniter\View\{closure}()
 3 SYSTEMPATH\Common.php(1190): CodeIgniter\View\View->render('crudviews/add', [], true)
 4 APPPATH\Controllers\CrudController.php(26): view('crudviews/add')
 5 SYSTEMPATH\CodeIgniter.php(942): App\Controllers\CrudController->add()
 6 SYSTEMPATH\CodeIgniter.php(502): CodeIgniter\CodeIgniter->runController(Object(App\Controllers\CrudController))
 7 SYSTEMPATH\CodeIgniter.php(361): CodeIgniter\CodeIgniter->handleRequest(null, Object(Config\Cache), false)
 8 FCPATH\index.php(79): CodeIgniter\CodeIgniter->run()
CRITICAL - 2023-11-07 10:18:58 --> Call to undefined function set_value()
in APPPATH\Views\Crudviews\add.php on line 20.
 1 SYSTEMPATH\View\View.php(228): include()
 2 SYSTEMPATH\View\View.php(231): CodeIgniter\View\View->CodeIgniter\View\{closure}()
 3 SYSTEMPATH\Common.php(1190): CodeIgniter\View\View->render('crudviews/add', [], true)
 4 APPPATH\Controllers\CrudController.php(26): view('crudviews/add')
 5 SYSTEMPATH\CodeIgniter.php(942): App\Controllers\CrudController->add()
 6 SYSTEMPATH\CodeIgniter.php(502): CodeIgniter\CodeIgniter->runController(Object(App\Controllers\CrudController))
 7 SYSTEMPATH\CodeIgniter.php(361): CodeIgniter\CodeIgniter->handleRequest(null, Object(Config\Cache), false)
 8 FCPATH\index.php(79): CodeIgniter\CodeIgniter->run()
CRITICAL - 2023-11-07 10:18:58 --> Call to undefined function set_value()
in APPPATH\Views\Crudviews\add.php on line 20.
 1 SYSTEMPATH\View\View.php(228): include()
 2 SYSTEMPATH\View\View.php(231): CodeIgniter\View\View->CodeIgniter\View\{closure}()
 3 SYSTEMPATH\Common.php(1190): CodeIgniter\View\View->render('crudviews/add', [], true)
 4 APPPATH\Controllers\CrudController.php(26): view('crudviews/add')
 5 SYSTEMPATH\CodeIgniter.php(942): App\Controllers\CrudController->add()
 6 SYSTEMPATH\CodeIgniter.php(502): CodeIgniter\CodeIgniter->runController(Object(App\Controllers\CrudController))
 7 SYSTEMPATH\CodeIgniter.php(361): CodeIgniter\CodeIgniter->handleRequest(null, Object(Config\Cache), false)
 8 FCPATH\index.php(79): CodeIgniter\CodeIgniter->run()
CRITICAL - 2023-11-07 10:18:58 --> Call to undefined function set_value()
in APPPATH\Views\Crudviews\add.php on line 20.
 1 SYSTEMPATH\View\View.php(228): include()
 2 SYSTEMPATH\View\View.php(231): CodeIgniter\View\View->CodeIgniter\View\{closure}()
 3 SYSTEMPATH\Common.php(1190): CodeIgniter\View\View->render('crudviews/add', [], true)
 4 APPPATH\Controllers\CrudController.php(26): view('crudviews/add')
 5 SYSTEMPATH\CodeIgniter.php(942): App\Controllers\CrudController->add()
 6 SYSTEMPATH\CodeIgniter.php(502): CodeIgniter\CodeIgniter->runController(Object(App\Controllers\CrudController))
 7 SYSTEMPATH\CodeIgniter.php(361): CodeIgniter\CodeIgniter->handleRequest(null, Object(Config\Cache), false)
 8 FCPATH\index.php(79): CodeIgniter\CodeIgniter->run()
CRITICAL - 2023-11-07 10:18:59 --> Call to undefined function set_value()
in APPPATH\Views\Crudviews\add.php on line 20.
 1 SYSTEMPATH\View\View.php(228): include()
 2 SYSTEMPATH\View\View.php(231): CodeIgniter\View\View->CodeIgniter\View\{closure}()
 3 SYSTEMPATH\Common.php(1190): CodeIgniter\View\View->render('crudviews/add', [], true)
 4 APPPATH\Controllers\CrudController.php(26): view('crudviews/add')
 5 SYSTEMPATH\CodeIgniter.php(942): App\Controllers\CrudController->add()
 6 SYSTEMPATH\CodeIgniter.php(502): CodeIgniter\CodeIgniter->runController(Object(App\Controllers\CrudController))
 7 SYSTEMPATH\CodeIgniter.php(361): CodeIgniter\CodeIgniter->handleRequest(null, Object(Config\Cache), false)
 8 FCPATH\index.php(79): CodeIgniter\CodeIgniter->run()
CRITICAL - 2023-11-07 10:18:59 --> Call to undefined function set_value()
in APPPATH\Views\Crudviews\add.php on line 20.
 1 SYSTEMPATH\View\View.php(228): include()
 2 SYSTEMPATH\View\View.php(231): CodeIgniter\View\View->CodeIgniter\View\{closure}()
 3 SYSTEMPATH\Common.php(1190): CodeIgniter\View\View->render('crudviews/add', [], true)
 4 APPPATH\Controllers\CrudController.php(26): view('crudviews/add')
 5 SYSTEMPATH\CodeIgniter.php(942): App\Controllers\CrudController->add()
 6 SYSTEMPATH\CodeIgniter.php(502): CodeIgniter\CodeIgniter->runController(Object(App\Controllers\CrudController))
 7 SYSTEMPATH\CodeIgniter.php(361): CodeIgniter\CodeIgniter->handleRequest(null, Object(Config\Cache), false)
 8 FCPATH\index.php(79): CodeIgniter\CodeIgniter->run()
CRITICAL - 2023-11-07 10:18:59 --> Call to undefined function set_value()
in APPPATH\Views\Crudviews\add.php on line 20.
 1 SYSTEMPATH\View\View.php(228): include()
 2 SYSTEMPATH\View\View.php(231): CodeIgniter\View\View->CodeIgniter\View\{closure}()
 3 SYSTEMPATH\Common.php(1190): CodeIgniter\View\View->render('crudviews/add', [], true)
 4 APPPATH\Controllers\CrudController.php(26): view('crudviews/add')
 5 SYSTEMPATH\CodeIgniter.php(942): App\Controllers\CrudController->add()
 6 SYSTEMPATH\CodeIgniter.php(502): CodeIgniter\CodeIgniter->runController(Object(App\Controllers\CrudController))
 7 SYSTEMPATH\CodeIgniter.php(361): CodeIgniter\CodeIgniter->handleRequest(null, Object(Config\Cache), false)
 8 FCPATH\index.php(79): CodeIgniter\CodeIgniter->run()
CRITICAL - 2023-11-07 10:18:59 --> Call to undefined function set_value()
in APPPATH\Views\Crudviews\add.php on line 20.
 1 SYSTEMPATH\View\View.php(228): include()
 2 SYSTEMPATH\View\View.php(231): CodeIgniter\View\View->CodeIgniter\View\{closure}()
 3 SYSTEMPATH\Common.php(1190): CodeIgniter\View\View->render('crudviews/add', [], true)
 4 APPPATH\Controllers\CrudController.php(26): view('crudviews/add')
 5 SYSTEMPATH\CodeIgniter.php(942): App\Controllers\CrudController->add()
 6 SYSTEMPATH\CodeIgniter.php(502): CodeIgniter\CodeIgniter->runController(Object(App\Controllers\CrudController))
 7 SYSTEMPATH\CodeIgniter.php(361): CodeIgniter\CodeIgniter->handleRequest(null, Object(Config\Cache), false)
 8 FCPATH\index.php(79): CodeIgniter\CodeIgniter->run()
CRITICAL - 2023-11-07 10:19:00 --> Call to undefined function set_value()
in APPPATH\Views\Crudviews\add.php on line 20.
 1 SYSTEMPATH\View\View.php(228): include()
 2 SYSTEMPATH\View\View.php(231): CodeIgniter\View\View->CodeIgniter\View\{closure}()
 3 SYSTEMPATH\Common.php(1190): CodeIgniter\View\View->render('crudviews/add', [], true)
 4 APPPATH\Controllers\CrudController.php(26): view('crudviews/add')
 5 SYSTEMPATH\CodeIgniter.php(942): App\Controllers\CrudController->add()
 6 SYSTEMPATH\CodeIgniter.php(502): CodeIgniter\CodeIgniter->runController(Object(App\Controllers\CrudController))
 7 SYSTEMPATH\CodeIgniter.php(361): CodeIgniter\CodeIgniter->handleRequest(null, Object(Config\Cache), false)
 8 FCPATH\index.php(79): CodeIgniter\CodeIgniter->run()
CRITICAL - 2023-11-07 10:19:00 --> Call to undefined function set_value()
in APPPATH\Views\Crudviews\add.php on line 20.
 1 SYSTEMPATH\View\View.php(228): include()
 2 SYSTEMPATH\View\View.php(231): CodeIgniter\View\View->CodeIgniter\View\{closure}()
 3 SYSTEMPATH\Common.php(1190): CodeIgniter\View\View->render('crudviews/add', [], true)
 4 APPPATH\Controllers\CrudController.php(26): view('crudviews/add')
 5 SYSTEMPATH\CodeIgniter.php(942): App\Controllers\CrudController->add()
 6 SYSTEMPATH\CodeIgniter.php(502): CodeIgniter\CodeIgniter->runController(Object(App\Controllers\CrudController))
 7 SYSTEMPATH\CodeIgniter.php(361): CodeIgniter\CodeIgniter->handleRequest(null, Object(Config\Cache), false)
 8 FCPATH\index.php(79): CodeIgniter\CodeIgniter->run()
CRITICAL - 2023-11-07 10:19:00 --> Call to undefined function set_value()
in APPPATH\Views\Crudviews\add.php on line 20.
 1 SYSTEMPATH\View\View.php(228): include()
 2 SYSTEMPATH\View\View.php(231): CodeIgniter\View\View->CodeIgniter\View\{closure}()
 3 SYSTEMPATH\Common.php(1190): CodeIgniter\View\View->render('crudviews/add', [], true)
 4 APPPATH\Controllers\CrudController.php(26): view('crudviews/add')
 5 SYSTEMPATH\CodeIgniter.php(942): App\Controllers\CrudController->add()
 6 SYSTEMPATH\CodeIgniter.php(502): CodeIgniter\CodeIgniter->runController(Object(App\Controllers\CrudController))
 7 SYSTEMPATH\CodeIgniter.php(361): CodeIgniter\CodeIgniter->handleRequest(null, Object(Config\Cache), false)
 8 FCPATH\index.php(79): CodeIgniter\CodeIgniter->run()
CRITICAL - 2023-11-07 10:19:00 --> Call to undefined function set_value()
in APPPATH\Views\Crudviews\add.php on line 20.
 1 SYSTEMPATH\View\View.php(228): include()
 2 SYSTEMPATH\View\View.php(231): CodeIgniter\View\View->CodeIgniter\View\{closure}()
 3 SYSTEMPATH\Common.php(1190): CodeIgniter\View\View->render('crudviews/add', [], true)
 4 APPPATH\Controllers\CrudController.php(26): view('crudviews/add')
 5 SYSTEMPATH\CodeIgniter.php(942): App\Controllers\CrudController->add()
 6 SYSTEMPATH\CodeIgniter.php(502): CodeIgniter\CodeIgniter->runController(Object(App\Controllers\CrudController))
 7 SYSTEMPATH\CodeIgniter.php(361): CodeIgniter\CodeIgniter->handleRequest(null, Object(Config\Cache), false)
 8 FCPATH\index.php(79): CodeIgniter\CodeIgniter->run()
CRITICAL - 2023-11-07 10:19:00 --> Call to undefined function set_value()
in APPPATH\Views\Crudviews\add.php on line 20.
 1 SYSTEMPATH\View\View.php(228): include()
 2 SYSTEMPATH\View\View.php(231): CodeIgniter\View\View->CodeIgniter\View\{closure}()
 3 SYSTEMPATH\Common.php(1190): CodeIgniter\View\View->render('crudviews/add', [], true)
 4 APPPATH\Controllers\CrudController.php(26): view('crudviews/add')
 5 SYSTEMPATH\CodeIgniter.php(942): App\Controllers\CrudController->add()
 6 SYSTEMPATH\CodeIgniter.php(502): CodeIgniter\CodeIgniter->runController(Object(App\Controllers\CrudController))
 7 SYSTEMPATH\CodeIgniter.php(361): CodeIgniter\CodeIgniter->handleRequest(null, Object(Config\Cache), false)
 8 FCPATH\index.php(79): CodeIgniter\CodeIgniter->run()
INFO - 2023-11-07 10:20:29 --> Session: Class initialized using 'CodeIgniter\Session\Handlers\FileHandler' driver.
INFO - 2023-11-07 10:21:09 --> Session: Class initialized using 'CodeIgniter\Session\Handlers\FileHandler' driver.
INFO - 2023-11-07 10:24:17 --> Session: Class initialized using 'CodeIgniter\Session\Handlers\FileHandler' driver.
